#
# A fatal error has been detected by the Java Runtime Environment:
#
#  SIGSEGV (0xb) at pc=0x000071cd262b32bb, pid=11406, tid=11424
#
# JRE version: Java(TM) SE Runtime Environment (17.0.12+8) (build 17.0.12+8-LTS-286)
# Java VM: Java HotSpot(TM) 64-Bit Server VM (17.0.12+8-LTS-286, mixed mode, sharing, tiered, compressed oops, compressed class ptrs, g1 gc, linux-amd64)
# Problematic frame:
# V  [libjvm.so+0xab32bb]  PhaseIdealLoop::eliminate_useless_predicates()+0x13b
#
# Core dump will be written. Default location: Core dumps may be processed with "/usr/share/apport/apport -p%p -s%s -c%c -d%d -P%P -u%u -g%g -- %E" (or dumping to /home/pakou-komi-juste/project_learning/journey_learn_spring_boot/cashcard/core.11406)
#
# If you would like to submit a bug report, please visit:
#   https://bugreport.java.com/bugreport/crash.jsp
#

---------------  S U M M A R Y ------------

Command Line: -Dorg.gradle.internal.worker.tmpdir=/home/pakou-komi-juste/project_learning/journey_learn_spring_boot/cashcard/build/tmp/test/work -Xmx512m -Dfile.encoding=UTF-8 -Duser.country=CA -Duser.language=en -Duser.variant -ea worker.org.gradle.process.internal.worker.GradleWorkerMain 'Gradle Test Executor 2'

Host: 11th Gen Intel(R) Core(TM) i5-1135G7 @ 2.40GHz, 8 cores, 15G, Ubuntu 24.04.2 LTS
Time: Thu Feb 27 04:16:54 2025 GMT elapsed time: 1.204345 seconds (0d 0h 0m 1s)

---------------  T H R E A D  ---------------

Current thread (0x000071cd20159960):  JavaThread "C2 CompilerThread0" daemon [_thread_in_native, id=11424, stack(0x000071cd01200000,0x000071cd01300000)]


Current CompileTask:
C2:   1204 1910       4       org.springframework.boot.context.properties.source.ConfigurationPropertyName$ElementsParser::parse (234 bytes)

Stack: [0x000071cd01200000,0x000071cd01300000],  sp=0x000071cd012faca0,  free space=1003k
Native frames: (J=compiled Java code, j=interpreted, Vv=VM code, C=native code)
V  [libjvm.so+0xab32bb]  PhaseIdealLoop::eliminate_useless_predicates()+0x13b
V  [libjvm.so+0xabe01f]  PhaseIdealLoop::build_and_optimize()+0x80f
V  [libjvm.so+0x5ac341]  PhaseIdealLoop::optimize(PhaseIterGVN&, LoopOptsMode)+0x171
V  [libjvm.so+0x5aa21d]  Compile::Optimize()+0xc1d
V  [libjvm.so+0x5abb89]  Compile::Compile(ciEnv*, ciMethod*, int, bool, bool, bool, bool, bool, DirectiveSet*)+0xe49
V  [libjvm.so+0x4edd87]  C2Compiler::compile_method(ciEnv*, ciMethod*, int, bool, DirectiveSet*)+0xf7
V  [libjvm.so+0x5b4ad3]  CompileBroker::invoke_compiler_on_method(CompileTask*)+0xd83
V  [libjvm.so+0x5b5878]  CompileBroker::compiler_thread_loop()+0x648
V  [libjvm.so+0xdb0cae]  JavaThread::thread_main_inner()+0xce
V  [libjvm.so+0xdb4636]  Thread::call_run()+0xc6
V  [libjvm.so+0xc038c1]  thread_native_entry(Thread*)+0xe1
C  [libc.so.6+0x9caa4]


siginfo: si_signo: 11 (SIGSEGV), si_code: 1 (SEGV_MAPERR), si_addr: 0x0000000000000008

Registers:
RAX=0x0000000000000000, RBX=0x0000000000000018, RCX=0x0000000000000000, RDX=0x0000000000000000
RSP=0x000071cd012faca0, RBP=0x000071cd012fad30, RSI=0x000071cc74263428, RDI=0xfffffffffffffff8
R8 =0x000071cc7c190d48, R9 =0x000071cc7c575fa0, R10=0x000071cc7c0de290, R11=0x0000000000000001
R12=0x000071cc74263428, R13=0x000071cd012fb0d0, R14=0x000071cd012fade0, R15=0x000071cd012fbcf0
RIP=0x000071cd262b32bb, EFLAGS=0x0000000000010246, CSGSFS=0x002b000000000033, ERR=0x0000000000000004
  TRAPNO=0x000000000000000e


Register to memory mapping:

RAX=0x0 is NULL
RBX=0x0000000000000018 is an unknown value
RCX=0x0 is NULL
RDX=0x0 is NULL
RSP=0x000071cd012faca0 is pointing into the stack for thread: 0x000071cd20159960
RBP=0x000071cd012fad30 is pointing into the stack for thread: 0x000071cd20159960
RSI=0x000071cc74263428 points into unknown readable memory: 0x0000000000000000 | 00 00 00 00 00 00 00 00
RDI=0xfffffffffffffff8 is an unknown value
R8 =0x000071cc7c190d48 points into unknown readable memory: 0x000071cd269e1410 | 10 14 9e 26 cd 71 00 00
R9 =0x000071cc7c575fa0 points into unknown readable memory: 0x000071cc7c05e020 | 20 e0 05 7c cc 71 00 00
R10=0x000071cc7c0de290 points into unknown readable memory: 0x0000000000000000 | 00 00 00 00 00 00 00 00
R11=0x0000000000000001 is an unknown value
R12=0x000071cc74263428 points into unknown readable memory: 0x0000000000000000 | 00 00 00 00 00 00 00 00
R13=0x000071cd012fb0d0 is pointing into the stack for thread: 0x000071cd20159960
R14=0x000071cd012fade0 is pointing into the stack for thread: 0x000071cd20159960
R15=0x000071cd012fbcf0 is pointing into the stack for thread: 0x000071cd20159960


Top of Stack: (sp=0x000071cd012faca0)
0x000071cd012faca0:   000071cd012fade0 fffffffffffffff8
0x000071cd012facb0:   000071cd20157f40 000071cd00000020
0x000071cd012facc0:   000071cc7c0de690 000071cd00000015
0x000071cd012facd0:   000071cc00000100 000071cc7c0de290 

Instructions: (pc=0x000071cd262b32bb)
0x000071cd262b31bb:   e8 40 3a 79 ff c7 45 88 04 00 00 00 48 8b 00 4c
0x000071cd262b31cb:   8b a0 38 02 00 00 49 8b 7c 24 18 4c 89 65 80 48
0x000071cd262b31db:   83 ff df 76 19 4c 89 e7 48 8d 15 39 39 41 00 be
0x000071cd262b31eb:   20 00 00 00 e8 5c 95 8f ff 49 8b 7c 24 18 48 8d
0x000071cd262b31fb:   47 20 49 3b 44 24 20 0f 87 a8 01 00 00 49 89 44
0x000071cd262b320b:   24 18 8b 55 88 31 f6 48 89 7d 90 4c 8d 65 80 48
0x000071cd262b321b:   c1 e2 03 e8 cd 3a 79 ff 48 8d 7d a0 c7 45 98 00
0x000071cd262b322b:   00 00 00 e8 8d 06 35 00 49 8b 45 10 c7 45 c0 00
0x000071cd262b323b:   00 00 00 80 78 7b 00 0f 85 88 01 00 00 8b 88 c0
0x000071cd262b324b:   01 00 00 85 c9 0f 8e 9f 00 00 00 48 63 d1 83 e9
0x000071cd262b325b:   01 48 8d 1c d5 f8 ff ff ff 48 29 ca 48 8d 3c d5
0x000071cd262b326b:   f0 ff ff ff 48 89 bd 78 ff ff ff 66 2e 0f 1f 84
0x000071cd262b327b:   00 00 00 00 00 48 8b 90 c8 01 00 00 4c 8b 24 1a
0x000071cd262b328b:   41 8b 4c 24 28 89 ca c1 ea 05 39 55 a0 76 12 be
0x000071cd262b329b:   01 00 00 00 d3 e6 89 f1 48 8b 75 a8 23 0c 96 75
0x000071cd262b32ab:   3c 4d 8b bd 88 09 00 00 49 8b 44 24 08 4c 89 e6
0x000071cd262b32bb:   4c 8b 70 08 4c 89 ff e8 49 6a 19 00 49 8d bf 88
0x000071cd262b32cb:   09 00 00 4c 89 e6 e8 6a 48 19 00 4c 89 f2 4c 89
0x000071cd262b32db:   e6 4c 89 ff e8 7c 64 19 00 49 8b 45 10 48 83 eb
0x000071cd262b32eb:   08 48 39 9d 78 ff ff ff 75 8b 8b 88 d8 01 00 00
0x000071cd262b32fb:   85 c9 0f 8e 98 00 00 00 48 63 d1 83 e9 01 48 8d
0x000071cd262b330b:   1c d5 f8 ff ff ff 48 29 ca 48 8d 3c d5 f0 ff ff
0x000071cd262b331b:   ff 48 89 bd 78 ff ff ff eb 07 0f 1f 00 49 8b 45
0x000071cd262b332b:   10 48 8b 80 e0 01 00 00 4c 8b 24 18 41 8b 4c 24
0x000071cd262b333b:   28 89 c8 c1 e8 05 3b 45 a0 73 10 ba 01 00 00 00
0x000071cd262b334b:   d3 e2 48 8b 4d a8 23 14 81 75 38 4d 8b bd 88 09
0x000071cd262b335b:   00 00 49 8b 44 24 08 4c 89 e6 4c 8b 70 10 4c 89
0x000071cd262b336b:   ff e8 9f 69 19 00 49 8d bf 88 09 00 00 4c 89 e6
0x000071cd262b337b:   e8 c0 47 19 00 4c 89 f2 4c 89 e6 4c 89 ff e8 d2
0x000071cd262b338b:   63 19 00 48 83 eb 08 48 39 9d 78 ff ff ff 75 8d
0x000071cd262b339b:   48 83 c4 68 5b 41 5c 41 5d 41 5e 41 5f 5d c3 66
0x000071cd262b33ab:   0f 1f 44 00 00 4c 89 e7 31 d2 be 20 00 00 00 e8 


Stack slot to memory mapping:
stack at sp + 0 slots: 0x000071cd012fade0 is pointing into the stack for thread: 0x000071cd20159960
stack at sp + 1 slots: 0xfffffffffffffff8 is an unknown value
stack at sp + 2 slots: 0x000071cd20157f40 points into unknown readable memory: 0x0000000700000006 | 06 00 00 00 07 00 00 00
stack at sp + 3 slots: 0x000071cd00000020 is an unknown value
stack at sp + 4 slots: 0x000071cc7c0de690 points into unknown readable memory: 0x000071cc74173898 | 98 38 17 74 cc 71 00 00
stack at sp + 5 slots: 0x000071cd00000015 is an unknown value
stack at sp + 6 slots: 0x000071cc00000100 is an unknown value
stack at sp + 7 slots: 0x000071cc7c0de290 points into unknown readable memory: 0x0000000000000000 | 00 00 00 00 00 00 00 00


---------------  P R O C E S S  ---------------

Threads class SMR info:
_java_thread_list=0x000071cd20ce7850, length=15, elements={
0x000071cd20026950, 0x000071cd2014dd80, 0x000071cd2014f170, 0x000071cd201557c0,
0x000071cd20156b80, 0x000071cd20157fa0, 0x000071cd20159960, 0x000071cd2015aea0,
0x000071cd20164310, 0x000071cd2016c090, 0x000071cd2016f8b0, 0x000071cd206637e0,
0x000071cd206ae4b0, 0x000071cd20678210, 0x000071cd20ce6b50
}

Java Threads: ( => current thread )
  0x000071cd20026950 JavaThread "Test worker" [_thread_in_vm, id=11412, stack(0x000071cd25700000,0x000071cd25800000)]
  0x000071cd2014dd80 JavaThread "Reference Handler" daemon [_thread_blocked, id=11419, stack(0x000071cd01f00000,0x000071cd02000000)]
  0x000071cd2014f170 JavaThread "Finalizer" daemon [_thread_blocked, id=11420, stack(0x000071cd01e00000,0x000071cd01f00000)]
  0x000071cd201557c0 JavaThread "Signal Dispatcher" daemon [_thread_blocked, id=11421, stack(0x000071cd01500000,0x000071cd01600000)]
  0x000071cd20156b80 JavaThread "Service Thread" daemon [_thread_blocked, id=11422, stack(0x000071cd01400000,0x000071cd01500000)]
  0x000071cd20157fa0 JavaThread "Monitor Deflation Thread" daemon [_thread_blocked, id=11423, stack(0x000071cd01300000,0x000071cd01400000)]
=>0x000071cd20159960 JavaThread "C2 CompilerThread0" daemon [_thread_in_native, id=11424, stack(0x000071cd01200000,0x000071cd01300000)]
  0x000071cd2015aea0 JavaThread "C1 CompilerThread0" daemon [_thread_blocked, id=11425, stack(0x000071cd01100000,0x000071cd01200000)]
  0x000071cd20164310 JavaThread "Sweeper thread" daemon [_thread_blocked, id=11426, stack(0x000071cd01000000,0x000071cd01100000)]
  0x000071cd2016c090 JavaThread "Notification Thread" daemon [_thread_blocked, id=11427, stack(0x000071cd00f00000,0x000071cd01000000)]
  0x000071cd2016f8b0 JavaThread "Common-Cleaner" daemon [_thread_blocked, id=11429, stack(0x000071cd00cff000,0x000071cd00dff000)]
  0x000071cd206637e0 JavaThread "/127.0.0.1:35452 to /127.0.0.1:45831 workers" [_thread_blocked, id=11434, stack(0x000071cd00bff000,0x000071cd00cff000)]
  0x000071cd206ae4b0 JavaThread "/127.0.0.1:35452 to /127.0.0.1:45831 workers Thread 2" [_thread_blocked, id=11435, stack(0x000071cd00aff000,0x000071cd00bff000)]
  0x000071cd20678210 JavaThread "/127.0.0.1:35452 to /127.0.0.1:45831 workers Thread 3" [_thread_in_native, id=11436, stack(0x000071cd009ff000,0x000071cd00aff000)]
  0x000071cd20ce6b50 JavaThread "background-preinit" [_thread_in_Java, id=11444, stack(0x000071cd001f8000,0x000071cd002f8000)]

Other Threads:
  0x000071cd20149e50 VMThread "VM Thread" [stack: 0x000071cd08024000,0x000071cd08124000] [id=11418]
  0x000071cd2016d9f0 WatcherThread [stack: 0x000071cd00e00000,0x000071cd00f00000] [id=11428]
  0x000071cd200561e0 GCTaskThread "GC Thread#0" [stack: 0x000071cd24100000,0x000071cd24200000] [id=11413]
  0x000071cca0005f50 GCTaskThread "GC Thread#1" [stack: 0x000071cd008ff000,0x000071cd009ff000] [id=11437]
  0x000071cca0006980 GCTaskThread "GC Thread#2" [stack: 0x000071cd007fe000,0x000071cd008fe000] [id=11438]
  0x000071cca00077a0 GCTaskThread "GC Thread#3" [stack: 0x000071cd006fd000,0x000071cd007fd000] [id=11439]
  0x000071cca00085c0 GCTaskThread "GC Thread#4" [stack: 0x000071cd005fc000,0x000071cd006fc000] [id=11440]
  0x000071cca00093e0 GCTaskThread "GC Thread#5" [stack: 0x000071cd004fb000,0x000071cd005fb000] [id=11441]
  0x000071cca000a200 GCTaskThread "GC Thread#6" [stack: 0x000071cd003fa000,0x000071cd004fa000] [id=11442]
  0x000071cca000b020 GCTaskThread "GC Thread#7" [stack: 0x000071cd002f9000,0x000071cd003f9000] [id=11443]
  0x000071cd2005b7e0 ConcurrentGCThread "G1 Main Marker" [stack: 0x000071cd08d00000,0x000071cd08e00000] [id=11414]
  0x000071cd2005c750 ConcurrentGCThread "G1 Conc#0" [stack: 0x000071cd08bff000,0x000071cd08cff000] [id=11415]
  0x000071cd20123120 ConcurrentGCThread "G1 Refine#0" [stack: 0x000071cd082f6000,0x000071cd083f6000] [id=11416]
  0x000071cd20124010 ConcurrentGCThread "G1 Service" [stack: 0x000071cd081f5000,0x000071cd082f5000] [id=11417]

Threads with active compile tasks:
C2 CompilerThread0     1209 1910       4       org.springframework.boot.context.properties.source.ConfigurationPropertyName$ElementsParser::parse (234 bytes)
C1 CompilerThread0     1209 2128       2       sun.reflect.generics.reflectiveObjects.ParameterizedTypeImpl::getActualTypeArguments (11 bytes)

VM state: not at safepoint (normal execution)

VM Mutex/Monitor currently owned by a thread: None

Heap address: 0x00000000e0000000, size: 512 MB, Compressed Oops mode: 32-bit

CDS archive(s) mapped at: [0x000071ccab000000-0x000071ccabbee000-0x000071ccabbee000), size 12509184, SharedBaseAddress: 0x000071ccab000000, ArchiveRelocationMode: 1.
Compressed class space mapped at: 0x000071ccac000000-0x000071ccec000000, reserved size: 1073741824
Narrow klass base: 0x000071ccab000000, Narrow klass shift: 0, Narrow klass range: 0x100000000

GC Precious Log:
 CPUs: 8 total, 8 available
 Memory: 15691M
 Large Page Support: Disabled
 NUMA Support: Disabled
 Compressed Oops: Enabled (32-bit)
 Heap Region Size: 1M
 Heap Min Capacity: 8M
 Heap Initial Capacity: 246M
 Heap Max Capacity: 512M
 Pre-touch: Disabled
 Parallel Workers: 8
 Concurrent Workers: 2
 Concurrent Refinement Workers: 8
 Periodic GC: Disabled

Heap:
 garbage-first heap   total 253952K, used 23483K [0x00000000e0000000, 0x0000000100000000)
  region size 1024K, 17 young (17408K), 3 survivors (3072K)
 Metaspace       used 17604K, committed 17920K, reserved 1114112K
  class space    used 2413K, committed 2560K, reserved 1048576K

Heap Regions: E=young(eden), S=young(survivor), O=old, HS=humongous(starts), HC=humongous(continues), CS=collection set, F=free, OA=open archive, CA=closed archive, TAMS=top-at-mark-start (previous, next)
|   0|0x00000000e0000000, 0x00000000e0100000, 0x00000000e0100000|100%|HS|  |TAMS 0x00000000e0000000, 0x00000000e0000000| Complete 
|   1|0x00000000e0100000, 0x00000000e0200000, 0x00000000e0200000|100%| O|  |TAMS 0x00000000e0100000, 0x00000000e0100000| Untracked 
|   2|0x00000000e0200000, 0x00000000e0300000, 0x00000000e0300000|100%| O|  |TAMS 0x00000000e0200000, 0x00000000e0200000| Untracked 
|   3|0x00000000e0300000, 0x00000000e0400000, 0x00000000e0400000|100%| O|  |TAMS 0x00000000e0300000, 0x00000000e0300000| Untracked 
|   4|0x00000000e0400000, 0x00000000e0500000, 0x00000000e0500000|100%| O|  |TAMS 0x00000000e0400000, 0x00000000e0400000| Untracked 
|   5|0x00000000e0500000, 0x00000000e0600000, 0x00000000e0600000|100%| O|  |TAMS 0x00000000e0500000, 0x00000000e0500000| Untracked 
|   6|0x00000000e0600000, 0x00000000e062f000, 0x00000000e0700000| 18%| O|  |TAMS 0x00000000e0600000, 0x00000000e0600000| Untracked 
|   7|0x00000000e0700000, 0x00000000e0700000, 0x00000000e0800000|  0%| F|  |TAMS 0x00000000e0700000, 0x00000000e0700000| Untracked 
|   8|0x00000000e0800000, 0x00000000e0800000, 0x00000000e0900000|  0%| F|  |TAMS 0x00000000e0800000, 0x00000000e0800000| Untracked 
|   9|0x00000000e0900000, 0x00000000e0900000, 0x00000000e0a00000|  0%| F|  |TAMS 0x00000000e0900000, 0x00000000e0900000| Untracked 
|  10|0x00000000e0a00000, 0x00000000e0a00000, 0x00000000e0b00000|  0%| F|  |TAMS 0x00000000e0a00000, 0x00000000e0a00000| Untracked 
|  11|0x00000000e0b00000, 0x00000000e0b00000, 0x00000000e0c00000|  0%| F|  |TAMS 0x00000000e0b00000, 0x00000000e0b00000| Untracked 
|  12|0x00000000e0c00000, 0x00000000e0c00000, 0x00000000e0d00000|  0%| F|  |TAMS 0x00000000e0c00000, 0x00000000e0c00000| Untracked 
|  13|0x00000000e0d00000, 0x00000000e0d00000, 0x00000000e0e00000|  0%| F|  |TAMS 0x00000000e0d00000, 0x00000000e0d00000| Untracked 
|  14|0x00000000e0e00000, 0x00000000e0e00000, 0x00000000e0f00000|  0%| F|  |TAMS 0x00000000e0e00000, 0x00000000e0e00000| Untracked 
|  15|0x00000000e0f00000, 0x00000000e0f00000, 0x00000000e1000000|  0%| F|  |TAMS 0x00000000e0f00000, 0x00000000e0f00000| Untracked 
|  16|0x00000000e1000000, 0x00000000e1000000, 0x00000000e1100000|  0%| F|  |TAMS 0x00000000e1000000, 0x00000000e1000000| Untracked 
|  17|0x00000000e1100000, 0x00000000e1100000, 0x00000000e1200000|  0%| F|  |TAMS 0x00000000e1100000, 0x00000000e1100000| Untracked 
|  18|0x00000000e1200000, 0x00000000e1200000, 0x00000000e1300000|  0%| F|  |TAMS 0x00000000e1200000, 0x00000000e1200000| Untracked 
|  19|0x00000000e1300000, 0x00000000e1300000, 0x00000000e1400000|  0%| F|  |TAMS 0x00000000e1300000, 0x00000000e1300000| Untracked 
|  20|0x00000000e1400000, 0x00000000e1400000, 0x00000000e1500000|  0%| F|  |TAMS 0x00000000e1400000, 0x00000000e1400000| Untracked 
|  21|0x00000000e1500000, 0x00000000e1500000, 0x00000000e1600000|  0%| F|  |TAMS 0x00000000e1500000, 0x00000000e1500000| Untracked 
|  22|0x00000000e1600000, 0x00000000e1600000, 0x00000000e1700000|  0%| F|  |TAMS 0x00000000e1600000, 0x00000000e1600000| Untracked 
|  23|0x00000000e1700000, 0x00000000e1700000, 0x00000000e1800000|  0%| F|  |TAMS 0x00000000e1700000, 0x00000000e1700000| Untracked 
|  24|0x00000000e1800000, 0x00000000e1800000, 0x00000000e1900000|  0%| F|  |TAMS 0x00000000e1800000, 0x00000000e1800000| Untracked 
|  25|0x00000000e1900000, 0x00000000e1900000, 0x00000000e1a00000|  0%| F|  |TAMS 0x00000000e1900000, 0x00000000e1900000| Untracked 
|  26|0x00000000e1a00000, 0x00000000e1a00000, 0x00000000e1b00000|  0%| F|  |TAMS 0x00000000e1a00000, 0x00000000e1a00000| Untracked 
|  27|0x00000000e1b00000, 0x00000000e1b00000, 0x00000000e1c00000|  0%| F|  |TAMS 0x00000000e1b00000, 0x00000000e1b00000| Untracked 
|  28|0x00000000e1c00000, 0x00000000e1c00000, 0x00000000e1d00000|  0%| F|  |TAMS 0x00000000e1c00000, 0x00000000e1c00000| Untracked 
|  29|0x00000000e1d00000, 0x00000000e1d00000, 0x00000000e1e00000|  0%| F|  |TAMS 0x00000000e1d00000, 0x00000000e1d00000| Untracked 
|  30|0x00000000e1e00000, 0x00000000e1e00000, 0x00000000e1f00000|  0%| F|  |TAMS 0x00000000e1e00000, 0x00000000e1e00000| Untracked 
|  31|0x00000000e1f00000, 0x00000000e1f00000, 0x00000000e2000000|  0%| F|  |TAMS 0x00000000e1f00000, 0x00000000e1f00000| Untracked 
|  32|0x00000000e2000000, 0x00000000e2000000, 0x00000000e2100000|  0%| F|  |TAMS 0x00000000e2000000, 0x00000000e2000000| Untracked 
|  33|0x00000000e2100000, 0x00000000e2100000, 0x00000000e2200000|  0%| F|  |TAMS 0x00000000e2100000, 0x00000000e2100000| Untracked 
|  34|0x00000000e2200000, 0x00000000e2200000, 0x00000000e2300000|  0%| F|  |TAMS 0x00000000e2200000, 0x00000000e2200000| Untracked 
|  35|0x00000000e2300000, 0x00000000e2300000, 0x00000000e2400000|  0%| F|  |TAMS 0x00000000e2300000, 0x00000000e2300000| Untracked 
|  36|0x00000000e2400000, 0x00000000e2400000, 0x00000000e2500000|  0%| F|  |TAMS 0x00000000e2400000, 0x00000000e2400000| Untracked 
|  37|0x00000000e2500000, 0x00000000e2500000, 0x00000000e2600000|  0%| F|  |TAMS 0x00000000e2500000, 0x00000000e2500000| Untracked 
|  38|0x00000000e2600000, 0x00000000e2600000, 0x00000000e2700000|  0%| F|  |TAMS 0x00000000e2600000, 0x00000000e2600000| Untracked 
|  39|0x00000000e2700000, 0x00000000e2700000, 0x00000000e2800000|  0%| F|  |TAMS 0x00000000e2700000, 0x00000000e2700000| Untracked 
|  40|0x00000000e2800000, 0x00000000e2800000, 0x00000000e2900000|  0%| F|  |TAMS 0x00000000e2800000, 0x00000000e2800000| Untracked 
|  41|0x00000000e2900000, 0x00000000e2900000, 0x00000000e2a00000|  0%| F|  |TAMS 0x00000000e2900000, 0x00000000e2900000| Untracked 
|  42|0x00000000e2a00000, 0x00000000e2a00000, 0x00000000e2b00000|  0%| F|  |TAMS 0x00000000e2a00000, 0x00000000e2a00000| Untracked 
|  43|0x00000000e2b00000, 0x00000000e2b00000, 0x00000000e2c00000|  0%| F|  |TAMS 0x00000000e2b00000, 0x00000000e2b00000| Untracked 
|  44|0x00000000e2c00000, 0x00000000e2c00000, 0x00000000e2d00000|  0%| F|  |TAMS 0x00000000e2c00000, 0x00000000e2c00000| Untracked 
|  45|0x00000000e2d00000, 0x00000000e2d00000, 0x00000000e2e00000|  0%| F|  |TAMS 0x00000000e2d00000, 0x00000000e2d00000| Untracked 
|  46|0x00000000e2e00000, 0x00000000e2e00000, 0x00000000e2f00000|  0%| F|  |TAMS 0x00000000e2e00000, 0x00000000e2e00000| Untracked 
|  47|0x00000000e2f00000, 0x00000000e2f00000, 0x00000000e3000000|  0%| F|  |TAMS 0x00000000e2f00000, 0x00000000e2f00000| Untracked 
|  48|0x00000000e3000000, 0x00000000e3000000, 0x00000000e3100000|  0%| F|  |TAMS 0x00000000e3000000, 0x00000000e3000000| Untracked 
|  49|0x00000000e3100000, 0x00000000e3100000, 0x00000000e3200000|  0%| F|  |TAMS 0x00000000e3100000, 0x00000000e3100000| Untracked 
|  50|0x00000000e3200000, 0x00000000e3200000, 0x00000000e3300000|  0%| F|  |TAMS 0x00000000e3200000, 0x00000000e3200000| Untracked 
|  51|0x00000000e3300000, 0x00000000e3300000, 0x00000000e3400000|  0%| F|  |TAMS 0x00000000e3300000, 0x00000000e3300000| Untracked 
|  52|0x00000000e3400000, 0x00000000e3400000, 0x00000000e3500000|  0%| F|  |TAMS 0x00000000e3400000, 0x00000000e3400000| Untracked 
|  53|0x00000000e3500000, 0x00000000e3500000, 0x00000000e3600000|  0%| F|  |TAMS 0x00000000e3500000, 0x00000000e3500000| Untracked 
|  54|0x00000000e3600000, 0x00000000e3600000, 0x00000000e3700000|  0%| F|  |TAMS 0x00000000e3600000, 0x00000000e3600000| Untracked 
|  55|0x00000000e3700000, 0x00000000e3700000, 0x00000000e3800000|  0%| F|  |TAMS 0x00000000e3700000, 0x00000000e3700000| Untracked 
|  56|0x00000000e3800000, 0x00000000e3800000, 0x00000000e3900000|  0%| F|  |TAMS 0x00000000e3800000, 0x00000000e3800000| Untracked 
|  57|0x00000000e3900000, 0x00000000e3900000, 0x00000000e3a00000|  0%| F|  |TAMS 0x00000000e3900000, 0x00000000e3900000| Untracked 
|  58|0x00000000e3a00000, 0x00000000e3a00000, 0x00000000e3b00000|  0%| F|  |TAMS 0x00000000e3a00000, 0x00000000e3a00000| Untracked 
|  59|0x00000000e3b00000, 0x00000000e3b00000, 0x00000000e3c00000|  0%| F|  |TAMS 0x00000000e3b00000, 0x00000000e3b00000| Untracked 
|  60|0x00000000e3c00000, 0x00000000e3c00000, 0x00000000e3d00000|  0%| F|  |TAMS 0x00000000e3c00000, 0x00000000e3c00000| Untracked 
|  61|0x00000000e3d00000, 0x00000000e3d00000, 0x00000000e3e00000|  0%| F|  |TAMS 0x00000000e3d00000, 0x00000000e3d00000| Untracked 
|  62|0x00000000e3e00000, 0x00000000e3e00000, 0x00000000e3f00000|  0%| F|  |TAMS 0x00000000e3e00000, 0x00000000e3e00000| Untracked 
|  63|0x00000000e3f00000, 0x00000000e3f00000, 0x00000000e4000000|  0%| F|  |TAMS 0x00000000e3f00000, 0x00000000e3f00000| Untracked 
|  64|0x00000000e4000000, 0x00000000e4000000, 0x00000000e4100000|  0%| F|  |TAMS 0x00000000e4000000, 0x00000000e4000000| Untracked 
|  65|0x00000000e4100000, 0x00000000e4100000, 0x00000000e4200000|  0%| F|  |TAMS 0x00000000e4100000, 0x00000000e4100000| Untracked 
|  66|0x00000000e4200000, 0x00000000e4200000, 0x00000000e4300000|  0%| F|  |TAMS 0x00000000e4200000, 0x00000000e4200000| Untracked 
|  67|0x00000000e4300000, 0x00000000e4300000, 0x00000000e4400000|  0%| F|  |TAMS 0x00000000e4300000, 0x00000000e4300000| Untracked 
|  68|0x00000000e4400000, 0x00000000e4400000, 0x00000000e4500000|  0%| F|  |TAMS 0x00000000e4400000, 0x00000000e4400000| Untracked 
|  69|0x00000000e4500000, 0x00000000e4500000, 0x00000000e4600000|  0%| F|  |TAMS 0x00000000e4500000, 0x00000000e4500000| Untracked 
|  70|0x00000000e4600000, 0x00000000e4600000, 0x00000000e4700000|  0%| F|  |TAMS 0x00000000e4600000, 0x00000000e4600000| Untracked 
|  71|0x00000000e4700000, 0x00000000e4700000, 0x00000000e4800000|  0%| F|  |TAMS 0x00000000e4700000, 0x00000000e4700000| Untracked 
|  72|0x00000000e4800000, 0x00000000e4800000, 0x00000000e4900000|  0%| F|  |TAMS 0x00000000e4800000, 0x00000000e4800000| Untracked 
|  73|0x00000000e4900000, 0x00000000e4900000, 0x00000000e4a00000|  0%| F|  |TAMS 0x00000000e4900000, 0x00000000e4900000| Untracked 
|  74|0x00000000e4a00000, 0x00000000e4a00000, 0x00000000e4b00000|  0%| F|  |TAMS 0x00000000e4a00000, 0x00000000e4a00000| Untracked 
|  75|0x00000000e4b00000, 0x00000000e4b00000, 0x00000000e4c00000|  0%| F|  |TAMS 0x00000000e4b00000, 0x00000000e4b00000| Untracked 
|  76|0x00000000e4c00000, 0x00000000e4c00000, 0x00000000e4d00000|  0%| F|  |TAMS 0x00000000e4c00000, 0x00000000e4c00000| Untracked 
|  77|0x00000000e4d00000, 0x00000000e4d00000, 0x00000000e4e00000|  0%| F|  |TAMS 0x00000000e4d00000, 0x00000000e4d00000| Untracked 
|  78|0x00000000e4e00000, 0x00000000e4e00000, 0x00000000e4f00000|  0%| F|  |TAMS 0x00000000e4e00000, 0x00000000e4e00000| Untracked 
|  79|0x00000000e4f00000, 0x00000000e4f00000, 0x00000000e5000000|  0%| F|  |TAMS 0x00000000e4f00000, 0x00000000e4f00000| Untracked 
|  80|0x00000000e5000000, 0x00000000e5000000, 0x00000000e5100000|  0%| F|  |TAMS 0x00000000e5000000, 0x00000000e5000000| Untracked 
|  81|0x00000000e5100000, 0x00000000e5100000, 0x00000000e5200000|  0%| F|  |TAMS 0x00000000e5100000, 0x00000000e5100000| Untracked 
|  82|0x00000000e5200000, 0x00000000e5200000, 0x00000000e5300000|  0%| F|  |TAMS 0x00000000e5200000, 0x00000000e5200000| Untracked 
|  83|0x00000000e5300000, 0x00000000e5300000, 0x00000000e5400000|  0%| F|  |TAMS 0x00000000e5300000, 0x00000000e5300000| Untracked 
|  84|0x00000000e5400000, 0x00000000e5400000, 0x00000000e5500000|  0%| F|  |TAMS 0x00000000e5400000, 0x00000000e5400000| Untracked 
|  85|0x00000000e5500000, 0x00000000e5500000, 0x00000000e5600000|  0%| F|  |TAMS 0x00000000e5500000, 0x00000000e5500000| Untracked 
|  86|0x00000000e5600000, 0x00000000e5600000, 0x00000000e5700000|  0%| F|  |TAMS 0x00000000e5600000, 0x00000000e5600000| Untracked 
|  87|0x00000000e5700000, 0x00000000e5700000, 0x00000000e5800000|  0%| F|  |TAMS 0x00000000e5700000, 0x00000000e5700000| Untracked 
|  88|0x00000000e5800000, 0x00000000e5800000, 0x00000000e5900000|  0%| F|  |TAMS 0x00000000e5800000, 0x00000000e5800000| Untracked 
|  89|0x00000000e5900000, 0x00000000e5900000, 0x00000000e5a00000|  0%| F|  |TAMS 0x00000000e5900000, 0x00000000e5900000| Untracked 
|  90|0x00000000e5a00000, 0x00000000e5a00000, 0x00000000e5b00000|  0%| F|  |TAMS 0x00000000e5a00000, 0x00000000e5a00000| Untracked 
|  91|0x00000000e5b00000, 0x00000000e5b00000, 0x00000000e5c00000|  0%| F|  |TAMS 0x00000000e5b00000, 0x00000000e5b00000| Untracked 
|  92|0x00000000e5c00000, 0x00000000e5c00000, 0x00000000e5d00000|  0%| F|  |TAMS 0x00000000e5c00000, 0x00000000e5c00000| Untracked 
|  93|0x00000000e5d00000, 0x00000000e5d00000, 0x00000000e5e00000|  0%| F|  |TAMS 0x00000000e5d00000, 0x00000000e5d00000| Untracked 
|  94|0x00000000e5e00000, 0x00000000e5e00000, 0x00000000e5f00000|  0%| F|  |TAMS 0x00000000e5e00000, 0x00000000e5e00000| Untracked 
|  95|0x00000000e5f00000, 0x00000000e5f00000, 0x00000000e6000000|  0%| F|  |TAMS 0x00000000e5f00000, 0x00000000e5f00000| Untracked 
|  96|0x00000000e6000000, 0x00000000e6000000, 0x00000000e6100000|  0%| F|  |TAMS 0x00000000e6000000, 0x00000000e6000000| Untracked 
|  97|0x00000000e6100000, 0x00000000e6100000, 0x00000000e6200000|  0%| F|  |TAMS 0x00000000e6100000, 0x00000000e6100000| Untracked 
|  98|0x00000000e6200000, 0x00000000e6200000, 0x00000000e6300000|  0%| F|  |TAMS 0x00000000e6200000, 0x00000000e6200000| Untracked 
|  99|0x00000000e6300000, 0x00000000e6300000, 0x00000000e6400000|  0%| F|  |TAMS 0x00000000e6300000, 0x00000000e6300000| Untracked 
| 100|0x00000000e6400000, 0x00000000e6400000, 0x00000000e6500000|  0%| F|  |TAMS 0x00000000e6400000, 0x00000000e6400000| Untracked 
| 101|0x00000000e6500000, 0x00000000e6500000, 0x00000000e6600000|  0%| F|  |TAMS 0x00000000e6500000, 0x00000000e6500000| Untracked 
| 102|0x00000000e6600000, 0x00000000e6600000, 0x00000000e6700000|  0%| F|  |TAMS 0x00000000e6600000, 0x00000000e6600000| Untracked 
| 103|0x00000000e6700000, 0x00000000e6700000, 0x00000000e6800000|  0%| F|  |TAMS 0x00000000e6700000, 0x00000000e6700000| Untracked 
| 104|0x00000000e6800000, 0x00000000e6800000, 0x00000000e6900000|  0%| F|  |TAMS 0x00000000e6800000, 0x00000000e6800000| Untracked 
| 105|0x00000000e6900000, 0x00000000e6900000, 0x00000000e6a00000|  0%| F|  |TAMS 0x00000000e6900000, 0x00000000e6900000| Untracked 
| 106|0x00000000e6a00000, 0x00000000e6a00000, 0x00000000e6b00000|  0%| F|  |TAMS 0x00000000e6a00000, 0x00000000e6a00000| Untracked 
| 107|0x00000000e6b00000, 0x00000000e6b00000, 0x00000000e6c00000|  0%| F|  |TAMS 0x00000000e6b00000, 0x00000000e6b00000| Untracked 
| 108|0x00000000e6c00000, 0x00000000e6c00000, 0x00000000e6d00000|  0%| F|  |TAMS 0x00000000e6c00000, 0x00000000e6c00000| Untracked 
| 109|0x00000000e6d00000, 0x00000000e6d00000, 0x00000000e6e00000|  0%| F|  |TAMS 0x00000000e6d00000, 0x00000000e6d00000| Untracked 
| 110|0x00000000e6e00000, 0x00000000e6e00000, 0x00000000e6f00000|  0%| F|  |TAMS 0x00000000e6e00000, 0x00000000e6e00000| Untracked 
| 111|0x00000000e6f00000, 0x00000000e6f00000, 0x00000000e7000000|  0%| F|  |TAMS 0x00000000e6f00000, 0x00000000e6f00000| Untracked 
| 112|0x00000000e7000000, 0x00000000e7000000, 0x00000000e7100000|  0%| F|  |TAMS 0x00000000e7000000, 0x00000000e7000000| Untracked 
| 113|0x00000000e7100000, 0x00000000e7100000, 0x00000000e7200000|  0%| F|  |TAMS 0x00000000e7100000, 0x00000000e7100000| Untracked 
| 114|0x00000000e7200000, 0x00000000e7200000, 0x00000000e7300000|  0%| F|  |TAMS 0x00000000e7200000, 0x00000000e7200000| Untracked 
| 115|0x00000000e7300000, 0x00000000e7300000, 0x00000000e7400000|  0%| F|  |TAMS 0x00000000e7300000, 0x00000000e7300000| Untracked 
| 116|0x00000000e7400000, 0x00000000e7400000, 0x00000000e7500000|  0%| F|  |TAMS 0x00000000e7400000, 0x00000000e7400000| Untracked 
| 117|0x00000000e7500000, 0x00000000e7500000, 0x00000000e7600000|  0%| F|  |TAMS 0x00000000e7500000, 0x00000000e7500000| Untracked 
| 118|0x00000000e7600000, 0x00000000e7600000, 0x00000000e7700000|  0%| F|  |TAMS 0x00000000e7600000, 0x00000000e7600000| Untracked 
| 119|0x00000000e7700000, 0x00000000e7700000, 0x00000000e7800000|  0%| F|  |TAMS 0x00000000e7700000, 0x00000000e7700000| Untracked 
| 120|0x00000000e7800000, 0x00000000e7800000, 0x00000000e7900000|  0%| F|  |TAMS 0x00000000e7800000, 0x00000000e7800000| Untracked 
| 121|0x00000000e7900000, 0x00000000e7900000, 0x00000000e7a00000|  0%| F|  |TAMS 0x00000000e7900000, 0x00000000e7900000| Untracked 
| 122|0x00000000e7a00000, 0x00000000e7a00000, 0x00000000e7b00000|  0%| F|  |TAMS 0x00000000e7a00000, 0x00000000e7a00000| Untracked 
| 123|0x00000000e7b00000, 0x00000000e7b00000, 0x00000000e7c00000|  0%| F|  |TAMS 0x00000000e7b00000, 0x00000000e7b00000| Untracked 
| 124|0x00000000e7c00000, 0x00000000e7c00000, 0x00000000e7d00000|  0%| F|  |TAMS 0x00000000e7c00000, 0x00000000e7c00000| Untracked 
| 125|0x00000000e7d00000, 0x00000000e7d00000, 0x00000000e7e00000|  0%| F|  |TAMS 0x00000000e7d00000, 0x00000000e7d00000| Untracked 
| 126|0x00000000e7e00000, 0x00000000e7e00000, 0x00000000e7f00000|  0%| F|  |TAMS 0x00000000e7e00000, 0x00000000e7e00000| Untracked 
| 127|0x00000000e7f00000, 0x00000000e7f00000, 0x00000000e8000000|  0%| F|  |TAMS 0x00000000e7f00000, 0x00000000e7f00000| Untracked 
| 128|0x00000000e8000000, 0x00000000e8000000, 0x00000000e8100000|  0%| F|  |TAMS 0x00000000e8000000, 0x00000000e8000000| Untracked 
| 129|0x00000000e8100000, 0x00000000e8100000, 0x00000000e8200000|  0%| F|  |TAMS 0x00000000e8100000, 0x00000000e8100000| Untracked 
| 130|0x00000000e8200000, 0x00000000e8200000, 0x00000000e8300000|  0%| F|  |TAMS 0x00000000e8200000, 0x00000000e8200000| Untracked 
| 131|0x00000000e8300000, 0x00000000e8300000, 0x00000000e8400000|  0%| F|  |TAMS 0x00000000e8300000, 0x00000000e8300000| Untracked 
| 132|0x00000000e8400000, 0x00000000e8400000, 0x00000000e8500000|  0%| F|  |TAMS 0x00000000e8400000, 0x00000000e8400000| Untracked 
| 133|0x00000000e8500000, 0x00000000e8500000, 0x00000000e8600000|  0%| F|  |TAMS 0x00000000e8500000, 0x00000000e8500000| Untracked 
| 134|0x00000000e8600000, 0x00000000e8600000, 0x00000000e8700000|  0%| F|  |TAMS 0x00000000e8600000, 0x00000000e8600000| Untracked 
| 135|0x00000000e8700000, 0x00000000e8700000, 0x00000000e8800000|  0%| F|  |TAMS 0x00000000e8700000, 0x00000000e8700000| Untracked 
| 136|0x00000000e8800000, 0x00000000e8800000, 0x00000000e8900000|  0%| F|  |TAMS 0x00000000e8800000, 0x00000000e8800000| Untracked 
| 137|0x00000000e8900000, 0x00000000e8900000, 0x00000000e8a00000|  0%| F|  |TAMS 0x00000000e8900000, 0x00000000e8900000| Untracked 
| 138|0x00000000e8a00000, 0x00000000e8a00000, 0x00000000e8b00000|  0%| F|  |TAMS 0x00000000e8a00000, 0x00000000e8a00000| Untracked 
| 139|0x00000000e8b00000, 0x00000000e8b00000, 0x00000000e8c00000|  0%| F|  |TAMS 0x00000000e8b00000, 0x00000000e8b00000| Untracked 
| 140|0x00000000e8c00000, 0x00000000e8c00000, 0x00000000e8d00000|  0%| F|  |TAMS 0x00000000e8c00000, 0x00000000e8c00000| Untracked 
| 141|0x00000000e8d00000, 0x00000000e8d00000, 0x00000000e8e00000|  0%| F|  |TAMS 0x00000000e8d00000, 0x00000000e8d00000| Untracked 
| 142|0x00000000e8e00000, 0x00000000e8e00000, 0x00000000e8f00000|  0%| F|  |TAMS 0x00000000e8e00000, 0x00000000e8e00000| Untracked 
| 143|0x00000000e8f00000, 0x00000000e8f00000, 0x00000000e9000000|  0%| F|  |TAMS 0x00000000e8f00000, 0x00000000e8f00000| Untracked 
| 144|0x00000000e9000000, 0x00000000e9000000, 0x00000000e9100000|  0%| F|  |TAMS 0x00000000e9000000, 0x00000000e9000000| Untracked 
| 145|0x00000000e9100000, 0x00000000e9100000, 0x00000000e9200000|  0%| F|  |TAMS 0x00000000e9100000, 0x00000000e9100000| Untracked 
| 146|0x00000000e9200000, 0x00000000e9200000, 0x00000000e9300000|  0%| F|  |TAMS 0x00000000e9200000, 0x00000000e9200000| Untracked 
| 147|0x00000000e9300000, 0x00000000e9300000, 0x00000000e9400000|  0%| F|  |TAMS 0x00000000e9300000, 0x00000000e9300000| Untracked 
| 148|0x00000000e9400000, 0x00000000e9400000, 0x00000000e9500000|  0%| F|  |TAMS 0x00000000e9400000, 0x00000000e9400000| Untracked 
| 149|0x00000000e9500000, 0x00000000e9500000, 0x00000000e9600000|  0%| F|  |TAMS 0x00000000e9500000, 0x00000000e9500000| Untracked 
| 150|0x00000000e9600000, 0x00000000e9600000, 0x00000000e9700000|  0%| F|  |TAMS 0x00000000e9600000, 0x00000000e9600000| Untracked 
| 151|0x00000000e9700000, 0x00000000e9700000, 0x00000000e9800000|  0%| F|  |TAMS 0x00000000e9700000, 0x00000000e9700000| Untracked 
| 152|0x00000000e9800000, 0x00000000e9800000, 0x00000000e9900000|  0%| F|  |TAMS 0x00000000e9800000, 0x00000000e9800000| Untracked 
| 153|0x00000000e9900000, 0x00000000e9900000, 0x00000000e9a00000|  0%| F|  |TAMS 0x00000000e9900000, 0x00000000e9900000| Untracked 
| 154|0x00000000e9a00000, 0x00000000e9a00000, 0x00000000e9b00000|  0%| F|  |TAMS 0x00000000e9a00000, 0x00000000e9a00000| Untracked 
| 155|0x00000000e9b00000, 0x00000000e9b00000, 0x00000000e9c00000|  0%| F|  |TAMS 0x00000000e9b00000, 0x00000000e9b00000| Untracked 
| 156|0x00000000e9c00000, 0x00000000e9c00000, 0x00000000e9d00000|  0%| F|  |TAMS 0x00000000e9c00000, 0x00000000e9c00000| Untracked 
| 157|0x00000000e9d00000, 0x00000000e9d00000, 0x00000000e9e00000|  0%| F|  |TAMS 0x00000000e9d00000, 0x00000000e9d00000| Untracked 
| 158|0x00000000e9e00000, 0x00000000e9e00000, 0x00000000e9f00000|  0%| F|  |TAMS 0x00000000e9e00000, 0x00000000e9e00000| Untracked 
| 159|0x00000000e9f00000, 0x00000000e9f00000, 0x00000000ea000000|  0%| F|  |TAMS 0x00000000e9f00000, 0x00000000e9f00000| Untracked 
| 160|0x00000000ea000000, 0x00000000ea000000, 0x00000000ea100000|  0%| F|  |TAMS 0x00000000ea000000, 0x00000000ea000000| Untracked 
| 161|0x00000000ea100000, 0x00000000ea100000, 0x00000000ea200000|  0%| F|  |TAMS 0x00000000ea100000, 0x00000000ea100000| Untracked 
| 162|0x00000000ea200000, 0x00000000ea200000, 0x00000000ea300000|  0%| F|  |TAMS 0x00000000ea200000, 0x00000000ea200000| Untracked 
| 163|0x00000000ea300000, 0x00000000ea300000, 0x00000000ea400000|  0%| F|  |TAMS 0x00000000ea300000, 0x00000000ea300000| Untracked 
| 164|0x00000000ea400000, 0x00000000ea400000, 0x00000000ea500000|  0%| F|  |TAMS 0x00000000ea400000, 0x00000000ea400000| Untracked 
| 165|0x00000000ea500000, 0x00000000ea500000, 0x00000000ea600000|  0%| F|  |TAMS 0x00000000ea500000, 0x00000000ea500000| Untracked 
| 166|0x00000000ea600000, 0x00000000ea600000, 0x00000000ea700000|  0%| F|  |TAMS 0x00000000ea600000, 0x00000000ea600000| Untracked 
| 167|0x00000000ea700000, 0x00000000ea700000, 0x00000000ea800000|  0%| F|  |TAMS 0x00000000ea700000, 0x00000000ea700000| Untracked 
| 168|0x00000000ea800000, 0x00000000ea800000, 0x00000000ea900000|  0%| F|  |TAMS 0x00000000ea800000, 0x00000000ea800000| Untracked 
| 169|0x00000000ea900000, 0x00000000ea900000, 0x00000000eaa00000|  0%| F|  |TAMS 0x00000000ea900000, 0x00000000ea900000| Untracked 
| 170|0x00000000eaa00000, 0x00000000eaa00000, 0x00000000eab00000|  0%| F|  |TAMS 0x00000000eaa00000, 0x00000000eaa00000| Untracked 
| 171|0x00000000eab00000, 0x00000000eab00000, 0x00000000eac00000|  0%| F|  |TAMS 0x00000000eab00000, 0x00000000eab00000| Untracked 
| 172|0x00000000eac00000, 0x00000000eac00000, 0x00000000ead00000|  0%| F|  |TAMS 0x00000000eac00000, 0x00000000eac00000| Untracked 
| 173|0x00000000ead00000, 0x00000000ead00000, 0x00000000eae00000|  0%| F|  |TAMS 0x00000000ead00000, 0x00000000ead00000| Untracked 
| 174|0x00000000eae00000, 0x00000000eae00000, 0x00000000eaf00000|  0%| F|  |TAMS 0x00000000eae00000, 0x00000000eae00000| Untracked 
| 175|0x00000000eaf00000, 0x00000000eaf00000, 0x00000000eb000000|  0%| F|  |TAMS 0x00000000eaf00000, 0x00000000eaf00000| Untracked 
| 176|0x00000000eb000000, 0x00000000eb000000, 0x00000000eb100000|  0%| F|  |TAMS 0x00000000eb000000, 0x00000000eb000000| Untracked 
| 177|0x00000000eb100000, 0x00000000eb100000, 0x00000000eb200000|  0%| F|  |TAMS 0x00000000eb100000, 0x00000000eb100000| Untracked 
| 178|0x00000000eb200000, 0x00000000eb200000, 0x00000000eb300000|  0%| F|  |TAMS 0x00000000eb200000, 0x00000000eb200000| Untracked 
| 179|0x00000000eb300000, 0x00000000eb300000, 0x00000000eb400000|  0%| F|  |TAMS 0x00000000eb300000, 0x00000000eb300000| Untracked 
| 180|0x00000000eb400000, 0x00000000eb400000, 0x00000000eb500000|  0%| F|  |TAMS 0x00000000eb400000, 0x00000000eb400000| Untracked 
| 181|0x00000000eb500000, 0x00000000eb500000, 0x00000000eb600000|  0%| F|  |TAMS 0x00000000eb500000, 0x00000000eb500000| Untracked 
| 182|0x00000000eb600000, 0x00000000eb600000, 0x00000000eb700000|  0%| F|  |TAMS 0x00000000eb600000, 0x00000000eb600000| Untracked 
| 183|0x00000000eb700000, 0x00000000eb700000, 0x00000000eb800000|  0%| F|  |TAMS 0x00000000eb700000, 0x00000000eb700000| Untracked 
| 184|0x00000000eb800000, 0x00000000eb800000, 0x00000000eb900000|  0%| F|  |TAMS 0x00000000eb800000, 0x00000000eb800000| Untracked 
| 185|0x00000000eb900000, 0x00000000eb900000, 0x00000000eba00000|  0%| F|  |TAMS 0x00000000eb900000, 0x00000000eb900000| Untracked 
| 186|0x00000000eba00000, 0x00000000eba00000, 0x00000000ebb00000|  0%| F|  |TAMS 0x00000000eba00000, 0x00000000eba00000| Untracked 
| 187|0x00000000ebb00000, 0x00000000ebb00000, 0x00000000ebc00000|  0%| F|  |TAMS 0x00000000ebb00000, 0x00000000ebb00000| Untracked 
| 188|0x00000000ebc00000, 0x00000000ebc00000, 0x00000000ebd00000|  0%| F|  |TAMS 0x00000000ebc00000, 0x00000000ebc00000| Untracked 
| 189|0x00000000ebd00000, 0x00000000ebd00000, 0x00000000ebe00000|  0%| F|  |TAMS 0x00000000ebd00000, 0x00000000ebd00000| Untracked 
| 190|0x00000000ebe00000, 0x00000000ebe00000, 0x00000000ebf00000|  0%| F|  |TAMS 0x00000000ebe00000, 0x00000000ebe00000| Untracked 
| 191|0x00000000ebf00000, 0x00000000ebf00000, 0x00000000ec000000|  0%| F|  |TAMS 0x00000000ebf00000, 0x00000000ebf00000| Untracked 
| 192|0x00000000ec000000, 0x00000000ec000000, 0x00000000ec100000|  0%| F|  |TAMS 0x00000000ec000000, 0x00000000ec000000| Untracked 
| 193|0x00000000ec100000, 0x00000000ec100000, 0x00000000ec200000|  0%| F|  |TAMS 0x00000000ec100000, 0x00000000ec100000| Untracked 
| 194|0x00000000ec200000, 0x00000000ec200000, 0x00000000ec300000|  0%| F|  |TAMS 0x00000000ec200000, 0x00000000ec200000| Untracked 
| 195|0x00000000ec300000, 0x00000000ec300000, 0x00000000ec400000|  0%| F|  |TAMS 0x00000000ec300000, 0x00000000ec300000| Untracked 
| 196|0x00000000ec400000, 0x00000000ec400000, 0x00000000ec500000|  0%| F|  |TAMS 0x00000000ec400000, 0x00000000ec400000| Untracked 
| 197|0x00000000ec500000, 0x00000000ec500000, 0x00000000ec600000|  0%| F|  |TAMS 0x00000000ec500000, 0x00000000ec500000| Untracked 
| 198|0x00000000ec600000, 0x00000000ec600000, 0x00000000ec700000|  0%| F|  |TAMS 0x00000000ec600000, 0x00000000ec600000| Untracked 
| 199|0x00000000ec700000, 0x00000000ec700000, 0x00000000ec800000|  0%| F|  |TAMS 0x00000000ec700000, 0x00000000ec700000| Untracked 
| 200|0x00000000ec800000, 0x00000000ec800000, 0x00000000ec900000|  0%| F|  |TAMS 0x00000000ec800000, 0x00000000ec800000| Untracked 
| 201|0x00000000ec900000, 0x00000000ec900000, 0x00000000eca00000|  0%| F|  |TAMS 0x00000000ec900000, 0x00000000ec900000| Untracked 
| 202|0x00000000eca00000, 0x00000000eca00000, 0x00000000ecb00000|  0%| F|  |TAMS 0x00000000eca00000, 0x00000000eca00000| Untracked 
| 203|0x00000000ecb00000, 0x00000000ecbc4e50, 0x00000000ecc00000| 76%| S|CS|TAMS 0x00000000ecb00000, 0x00000000ecb00000| Complete 
| 204|0x00000000ecc00000, 0x00000000ecd00000, 0x00000000ecd00000|100%| S|CS|TAMS 0x00000000ecc00000, 0x00000000ecc00000| Complete 
| 205|0x00000000ecd00000, 0x00000000ece00000, 0x00000000ece00000|100%| S|CS|TAMS 0x00000000ecd00000, 0x00000000ecd00000| Complete 
| 206|0x00000000ece00000, 0x00000000ece00000, 0x00000000ecf00000|  0%| F|  |TAMS 0x00000000ece00000, 0x00000000ece00000| Untracked 
| 207|0x00000000ecf00000, 0x00000000ecf00000, 0x00000000ed000000|  0%| F|  |TAMS 0x00000000ecf00000, 0x00000000ecf00000| Untracked 
| 208|0x00000000ed000000, 0x00000000ed000000, 0x00000000ed100000|  0%| F|  |TAMS 0x00000000ed000000, 0x00000000ed000000| Untracked 
| 209|0x00000000ed100000, 0x00000000ed100000, 0x00000000ed200000|  0%| F|  |TAMS 0x00000000ed100000, 0x00000000ed100000| Untracked 
| 210|0x00000000ed200000, 0x00000000ed200000, 0x00000000ed300000|  0%| F|  |TAMS 0x00000000ed200000, 0x00000000ed200000| Untracked 
| 211|0x00000000ed300000, 0x00000000ed300000, 0x00000000ed400000|  0%| F|  |TAMS 0x00000000ed300000, 0x00000000ed300000| Untracked 
| 212|0x00000000ed400000, 0x00000000ed400000, 0x00000000ed500000|  0%| F|  |TAMS 0x00000000ed400000, 0x00000000ed400000| Untracked 
| 213|0x00000000ed500000, 0x00000000ed500000, 0x00000000ed600000|  0%| F|  |TAMS 0x00000000ed500000, 0x00000000ed500000| Untracked 
| 214|0x00000000ed600000, 0x00000000ed600000, 0x00000000ed700000|  0%| F|  |TAMS 0x00000000ed600000, 0x00000000ed600000| Untracked 
| 215|0x00000000ed700000, 0x00000000ed700000, 0x00000000ed800000|  0%| F|  |TAMS 0x00000000ed700000, 0x00000000ed700000| Untracked 
| 216|0x00000000ed800000, 0x00000000ed800000, 0x00000000ed900000|  0%| F|  |TAMS 0x00000000ed800000, 0x00000000ed800000| Untracked 
| 217|0x00000000ed900000, 0x00000000ed900000, 0x00000000eda00000|  0%| F|  |TAMS 0x00000000ed900000, 0x00000000ed900000| Untracked 
| 218|0x00000000eda00000, 0x00000000eda00000, 0x00000000edb00000|  0%| F|  |TAMS 0x00000000eda00000, 0x00000000eda00000| Untracked 
| 219|0x00000000edb00000, 0x00000000edb00000, 0x00000000edc00000|  0%| F|  |TAMS 0x00000000edb00000, 0x00000000edb00000| Untracked 
| 220|0x00000000edc00000, 0x00000000edc00000, 0x00000000edd00000|  0%| F|  |TAMS 0x00000000edc00000, 0x00000000edc00000| Untracked 
| 221|0x00000000edd00000, 0x00000000edd00000, 0x00000000ede00000|  0%| F|  |TAMS 0x00000000edd00000, 0x00000000edd00000| Untracked 
| 222|0x00000000ede00000, 0x00000000ede00000, 0x00000000edf00000|  0%| F|  |TAMS 0x00000000ede00000, 0x00000000ede00000| Untracked 
| 223|0x00000000edf00000, 0x00000000edf00000, 0x00000000ee000000|  0%| F|  |TAMS 0x00000000edf00000, 0x00000000edf00000| Untracked 
| 224|0x00000000ee000000, 0x00000000ee000000, 0x00000000ee100000|  0%| F|  |TAMS 0x00000000ee000000, 0x00000000ee000000| Untracked 
| 225|0x00000000ee100000, 0x00000000ee100000, 0x00000000ee200000|  0%| F|  |TAMS 0x00000000ee100000, 0x00000000ee100000| Untracked 
| 226|0x00000000ee200000, 0x00000000ee200000, 0x00000000ee300000|  0%| F|  |TAMS 0x00000000ee200000, 0x00000000ee200000| Untracked 
| 227|0x00000000ee300000, 0x00000000ee300000, 0x00000000ee400000|  0%| F|  |TAMS 0x00000000ee300000, 0x00000000ee300000| Untracked 
| 228|0x00000000ee400000, 0x00000000ee400000, 0x00000000ee500000|  0%| F|  |TAMS 0x00000000ee400000, 0x00000000ee400000| Untracked 
| 229|0x00000000ee500000, 0x00000000ee500000, 0x00000000ee600000|  0%| F|  |TAMS 0x00000000ee500000, 0x00000000ee500000| Untracked 
| 230|0x00000000ee600000, 0x00000000ee600000, 0x00000000ee700000|  0%| F|  |TAMS 0x00000000ee600000, 0x00000000ee600000| Untracked 
| 231|0x00000000ee700000, 0x00000000ee700000, 0x00000000ee800000|  0%| F|  |TAMS 0x00000000ee700000, 0x00000000ee700000| Untracked 
| 232|0x00000000ee800000, 0x00000000ee8a3e98, 0x00000000ee900000| 64%| E|  |TAMS 0x00000000ee800000, 0x00000000ee800000| Complete 
| 233|0x00000000ee900000, 0x00000000eea00000, 0x00000000eea00000|100%| E|CS|TAMS 0x00000000ee900000, 0x00000000ee900000| Complete 
| 234|0x00000000eea00000, 0x00000000eeb00000, 0x00000000eeb00000|100%| E|CS|TAMS 0x00000000eea00000, 0x00000000eea00000| Complete 
| 235|0x00000000eeb00000, 0x00000000eec00000, 0x00000000eec00000|100%| E|CS|TAMS 0x00000000eeb00000, 0x00000000eeb00000| Complete 
| 236|0x00000000eec00000, 0x00000000eed00000, 0x00000000eed00000|100%| E|CS|TAMS 0x00000000eec00000, 0x00000000eec00000| Complete 
| 237|0x00000000eed00000, 0x00000000eee00000, 0x00000000eee00000|100%| E|CS|TAMS 0x00000000eed00000, 0x00000000eed00000| Complete 
| 238|0x00000000eee00000, 0x00000000eef00000, 0x00000000eef00000|100%| E|CS|TAMS 0x00000000eee00000, 0x00000000eee00000| Complete 
| 239|0x00000000eef00000, 0x00000000ef000000, 0x00000000ef000000|100%| E|CS|TAMS 0x00000000eef00000, 0x00000000eef00000| Complete 
| 240|0x00000000ef000000, 0x00000000ef100000, 0x00000000ef100000|100%| E|CS|TAMS 0x00000000ef000000, 0x00000000ef000000| Complete 
| 241|0x00000000ef100000, 0x00000000ef200000, 0x00000000ef200000|100%| E|CS|TAMS 0x00000000ef100000, 0x00000000ef100000| Complete 
| 242|0x00000000ef200000, 0x00000000ef300000, 0x00000000ef300000|100%| E|CS|TAMS 0x00000000ef200000, 0x00000000ef200000| Complete 
| 243|0x00000000ef300000, 0x00000000ef400000, 0x00000000ef400000|100%| E|CS|TAMS 0x00000000ef300000, 0x00000000ef300000| Complete 
| 244|0x00000000ef400000, 0x00000000ef500000, 0x00000000ef500000|100%| E|CS|TAMS 0x00000000ef400000, 0x00000000ef400000| Complete 
| 245|0x00000000ef500000, 0x00000000ef600000, 0x00000000ef600000|100%| E|CS|TAMS 0x00000000ef500000, 0x00000000ef500000| Complete 
| 510|0x00000000ffe00000, 0x00000000ffe77000, 0x00000000fff00000| 46%|OA|  |TAMS 0x00000000ffe00000, 0x00000000ffe00000| Untracked 
| 511|0x00000000fff00000, 0x00000000fff84000, 0x0000000100000000| 51%|CA|  |TAMS 0x00000000fff00000, 0x00000000fff00000| Untracked 

Card table byte_map: [0x000071cd24b22000,0x000071cd24c22000] _byte_map_base: 0x000071cd24422000

Marking Bits (Prev, Next): (CMBitMap*) 0x000071cd20056c60, (CMBitMap*) 0x000071cd20056ca0
 Prev Bits: [0x000071cd24200000, 0x000071cd24a00000)
 Next Bits: [0x000071cd08e00000, 0x000071cd09600000)

Polling page: 0x000071cd26e8e000

Metaspace:

Usage:
  Non-class:     14.93 MB used.
      Class:      2.37 MB used.
       Both:     17.30 MB used.

Virtual space:
  Non-class space:       64.00 MB reserved,      15.12 MB ( 24%) committed,  1 nodes.
      Class space:        1.00 GB reserved,       2.50 MB ( <1%) committed,  1 nodes.
             Both:        1.06 GB reserved,      17.62 MB (  2%) committed. 

Chunk freelists:
   Non-Class:  32.00 KB
       Class:  13.44 MB
        Both:  13.47 MB

MaxMetaspaceSize: unlimited
CompressedClassSpaceSize: 1.00 GB
Initial GC threshold: 21.00 MB
Current GC threshold: 21.00 MB
CDS: on
MetaspaceReclaimPolicy: balanced
 - commit_granule_bytes: 65536.
 - commit_granule_words: 8192.
 - virtual_space_node_default_size: 8388608.
 - enlarge_chunks_in_place: 1.
 - new_chunks_are_fully_committed: 0.
 - uncommit_free_chunks: 1.
 - use_allocation_guard: 0.
 - handle_deallocations: 1.


Internal statistics:

num_allocs_failed_limit: 0.
num_arena_births: 322.
num_arena_deaths: 0.
num_vsnodes_births: 2.
num_vsnodes_deaths: 0.
num_space_committed: 282.
num_space_uncommitted: 0.
num_chunks_returned_to_freelist: 0.
num_chunks_taken_from_freelist: 962.
num_chunk_merges: 0.
num_chunk_splits: 606.
num_chunks_enlarged: 420.
num_inconsistent_stats: 0.

CodeHeap 'non-profiled nmethods': size=120028Kb used=637Kb max_used=637Kb free=119390Kb
 bounds [0x000071cd110c9000, 0x000071cd11339000, 0x000071cd18600000]
CodeHeap 'profiled nmethods': size=120028Kb used=4331Kb max_used=4331Kb free=115696Kb
 bounds [0x000071cd09600000, 0x000071cd09a40000, 0x000071cd10b37000]
CodeHeap 'non-nmethods': size=5704Kb used=1206Kb max_used=1237Kb free=4497Kb
 bounds [0x000071cd10b37000, 0x000071cd10da7000, 0x000071cd110c9000]
 total_blobs=2608 nmethods=2110 adapters=411
 compilation: enabled
              stopped_count=0, restarted_count=0
 full_count=0

Compilation events (20 events):
Event: 1.131 Thread 0x000071cd2015aea0 nmethod 1988 0x000071cd099ea590 code [0x000071cd099ea740, 0x000071cd099ea9d0]
Event: 1.131 Thread 0x000071cd2015aea0 1989       3       java.util.Collections$EmptySet::iterator (4 bytes)
Event: 1.131 Thread 0x000071cd2015aea0 nmethod 1989 0x000071cd099eaa90 code [0x000071cd099eac40, 0x000071cd099eadb0]
Event: 1.131 Thread 0x000071cd2015aea0 1990       3       ch.qos.logback.classic.LoggerContext::getTurboFilterChainDecision_0_3OrMore (31 bytes)
Event: 1.131 Thread 0x000071cd2015aea0 nmethod 1990 0x000071cd099eae90 code [0x000071cd099eb060, 0x000071cd099eb320]
Event: 1.131 Thread 0x000071cd2015aea0 1991       1       java.util.stream.Node::getChildCount (2 bytes)
Event: 1.131 Thread 0x000071cd2015aea0 nmethod 1991 0x000071cd11165990 code [0x000071cd11165b20, 0x000071cd11165bf0]
Event: 1.131 Thread 0x000071cd2015aea0 1992       3       java.util.AbstractCollection::isEmpty (13 bytes)
Event: 1.131 Thread 0x000071cd2015aea0 nmethod 1992 0x000071cd099eb490 code [0x000071cd099eb640, 0x000071cd099eb860]
Event: 1.132 Thread 0x000071cd2015aea0 1993       3       org.springframework.boot.context.properties.source.SpringIterableConfigurationPropertySource::getConfigurationProperty (94 bytes)
Event: 1.132 Thread 0x000071cd2015aea0 nmethod 1993 0x000071cd099eb910 code [0x000071cd099ebc80, 0x000071cd099ed480]
Event: 1.132 Thread 0x000071cd2015aea0 1994       3       org.springframework.boot.context.properties.source.SpringIterableConfigurationPropertySource$Mappings::getMapped (17 bytes)
Event: 1.132 Thread 0x000071cd2015aea0 nmethod 1994 0x000071cd099edb90 code [0x000071cd099edd60, 0x000071cd099ee0a0]
Event: 1.132 Thread 0x000071cd2015aea0 1997       3       org.springframework.boot.context.properties.source.SoftReferenceConfigurationPropertyCache::get (67 bytes)
Event: 1.133 Thread 0x000071cd2015aea0 nmethod 1997 0x000071cd099ee190 code [0x000071cd099ee580, 0x000071cd099f03d0]
Event: 1.133 Thread 0x000071cd2015aea0 1995       3       org.springframework.boot.logging.logback.LogbackLoggingSystem$1::decide (4 bytes)
Event: 1.133 Thread 0x000071cd2015aea0 nmethod 1995 0x000071cd099f0e10 code [0x000071cd099f0fa0, 0x000071cd099f10b0]
Event: 1.133 Thread 0x000071cd2015aea0 1996       3       org.springframework.boot.context.properties.source.SoftReferenceConfigurationPropertyCache::getValue (8 bytes)
Event: 1.133 Thread 0x000071cd2015aea0 nmethod 1996 0x000071cd099f1190 code [0x000071cd099f1340, 0x000071cd099f1500]
Event: 1.134 Thread 0x000071cd2015aea0 2002       3       org.springframework.boot.context.properties.source.SpringIterableConfigurationPropertySource$Mappings::updateMappings (261 bytes)

GC Heap History (4 events):
Event: 0.507 GC heap before
{Heap before GC invocations=0 (full 0):
 garbage-first heap   total 253952K, used 24556K [0x00000000e0000000, 0x0000000100000000)
  region size 1024K, 23 young (23552K), 0 survivors (0K)
 Metaspace       used 6707K, committed 6976K, reserved 1114112K
  class space    used 883K, committed 1024K, reserved 1048576K
}
Event: 0.510 GC heap after
{Heap after GC invocations=1 (full 0):
 garbage-first heap   total 253952K, used 7431K [0x00000000e0000000, 0x0000000100000000)
  region size 1024K, 3 young (3072K), 3 survivors (3072K)
 Metaspace       used 6707K, committed 6976K, reserved 1114112K
  class space    used 883K, committed 1024K, reserved 1048576K
}
Event: 1.099 GC heap before
{Heap before GC invocations=1 (full 0):
 garbage-first heap   total 253952K, used 45319K [0x00000000e0000000, 0x0000000100000000)
  region size 1024K, 40 young (40960K), 3 survivors (3072K)
 Metaspace       used 15006K, committed 15296K, reserved 1114112K
  class space    used 2052K, committed 2176K, reserved 1048576K
}
Event: 1.102 GC heap after
{Heap after GC invocations=2 (full 0):
 garbage-first heap   total 253952K, used 10171K [0x00000000e0000000, 0x0000000100000000)
  region size 1024K, 3 young (3072K), 3 survivors (3072K)
 Metaspace       used 15006K, committed 15296K, reserved 1114112K
  class space    used 2052K, committed 2176K, reserved 1048576K
}

Deoptimization events (20 events):
Event: 0.874 Thread 0x000071cd20026950 Uncommon trap: trap_request=0xffffff45 fr.pc=0x000071cd110fb6c4 relative=0x00000000000002a4
Event: 0.874 Thread 0x000071cd20026950 Uncommon trap: reason=unstable_if action=reinterpret pc=0x000071cd110fb6c4 method=java.util.StringTokenizer.scanToken(I)I @ 42 c2
Event: 0.874 Thread 0x000071cd20026950 DEOPT PACKING pc=0x000071cd110fb6c4 sp=0x000071cd257faca0
Event: 0.874 Thread 0x000071cd20026950 DEOPT UNPACKING pc=0x000071cd10b8c519 sp=0x000071cd257fac50 mode 2
Event: 0.891 Thread 0x000071cd20026950 Uncommon trap: trap_request=0xffffff45 fr.pc=0x000071cd11121a58 relative=0x00000000000002b8
Event: 0.891 Thread 0x000071cd20026950 Uncommon trap: reason=unstable_if action=reinterpret pc=0x000071cd11121a58 method=jdk.internal.org.objectweb.asm.SymbolTable.put(Ljdk/internal/org/objectweb/asm/SymbolTable$Entry;)Ljdk/internal/org/objectweb/asm/SymbolTable$Entry; @ 13 c2
Event: 0.891 Thread 0x000071cd20026950 DEOPT PACKING pc=0x000071cd11121a58 sp=0x000071cd257f9ed0
Event: 0.891 Thread 0x000071cd20026950 DEOPT UNPACKING pc=0x000071cd10b8c519 sp=0x000071cd257f9e50 mode 2
Event: 0.901 Thread 0x000071cd20026950 Uncommon trap: trap_request=0xffffff45 fr.pc=0x000071cd1113ef20 relative=0x0000000000001940
Event: 0.901 Thread 0x000071cd20026950 Uncommon trap: reason=unstable_if action=reinterpret pc=0x000071cd1113ef20 method=jdk.internal.loader.URLClassPath$FileLoader.getResource(Ljava/lang/String;Z)Ljdk/internal/loader/Resource; @ 139 c2
Event: 0.901 Thread 0x000071cd20026950 DEOPT PACKING pc=0x000071cd1113ef20 sp=0x000071cd257fab10
Event: 0.901 Thread 0x000071cd20026950 DEOPT UNPACKING pc=0x000071cd10b8c519 sp=0x000071cd257faa98 mode 2
Event: 0.957 Thread 0x000071cd20026950 Uncommon trap: trap_request=0xffffff45 fr.pc=0x000071cd1112712c relative=0x000000000000026c
Event: 0.957 Thread 0x000071cd20026950 Uncommon trap: reason=unstable_if action=reinterpret pc=0x000071cd1112712c method=java.util.HashMap.hash(Ljava/lang/Object;)I @ 1 c2
Event: 0.957 Thread 0x000071cd20026950 DEOPT PACKING pc=0x000071cd1112712c sp=0x000071cd257fb360
Event: 0.957 Thread 0x000071cd20026950 DEOPT UNPACKING pc=0x000071cd10b8c519 sp=0x000071cd257fb278 mode 2
Event: 1.079 Thread 0x000071cd20026950 Uncommon trap: trap_request=0xffffff45 fr.pc=0x000071cd1115c470 relative=0x00000000000002d0
Event: 1.079 Thread 0x000071cd20026950 Uncommon trap: reason=unstable_if action=reinterpret pc=0x000071cd1115c470 method=java.lang.String.indexOf([BBILjava/lang/String;I)I @ 21 c2
Event: 1.079 Thread 0x000071cd20026950 DEOPT PACKING pc=0x000071cd1115c470 sp=0x000071cd257f9ba0
Event: 1.079 Thread 0x000071cd20026950 DEOPT UNPACKING pc=0x000071cd10b8c519 sp=0x000071cd257f9ad0 mode 2

Classes unloaded (0 events):
No events

Classes redefined (0 events):
No events

Internal exceptions (20 events):
Event: 0.970 Thread 0x000071cd20026950 Exception <a 'java/lang/reflect/InvocationTargetException'{0x00000000ed731d40}> (0x00000000ed731d40) 
thrown [open/src/hotspot/share/runtime/reflection.cpp, line 1119]
Event: 0.971 Thread 0x000071cd20026950 Exception <a 'java/lang/NoClassDefFoundError'{0x00000000ed749790}: org/springframework/transaction/interceptor/TransactionAttributeSource> (0x00000000ed749790) 
thrown [open/src/hotspot/share/classfile/systemDictionary.cpp, line 245]
Event: 0.972 Thread 0x000071cd20026950 Exception <a 'java/lang/NoClassDefFoundError'{0x00000000ed764f10}: org/springframework/transaction/interceptor/TransactionAttribute> (0x00000000ed764f10) 
thrown [open/src/hotspot/share/classfile/systemDictionary.cpp, line 245]
Event: 0.975 Thread 0x000071cd20026950 Exception <a 'java/lang/NoSuchMethodError'{0x00000000ed799a78}: 'java.lang.Object java.lang.invoke.DirectMethodHandle$Holder.invokeInterface(java.lang.Object, java.lang.Object, java.lang.Object, java.lang.Object)'> (0x00000000ed799a78) 
thrown [open/src/hotspot/share/interpreter/linkResolver.cpp, line 758]
Event: 0.978 Thread 0x000071cd20026950 Exception <a 'java/lang/NoSuchMethodError'{0x00000000ed7da100}: 'java.lang.Object java.lang.invoke.DirectMethodHandle$Holder.invokeInterface(java.lang.Object, java.lang.Object, java.lang.Object, java.lang.Object, java.lang.Object)'> (0x00000000ed7da100) 
thrown [open/src/hotspot/share/interpreter/linkResolver.cpp, line 758]
Event: 0.979 Thread 0x000071cd20026950 Exception <a 'java/lang/IncompatibleClassChangeError'{0x00000000ed7ddef8}: Found class java.lang.Object, but interface was expected> (0x00000000ed7ddef8) 
thrown [open/src/hotspot/share/interpreter/linkResolver.cpp, line 826]
Event: 1.026 Thread 0x000071cd20026950 Exception <a 'java/lang/IncompatibleClassChangeError'{0x00000000ed3b7000}: Found class java.lang.Object, but interface was expected> (0x00000000ed3b7000) 
thrown [open/src/hotspot/share/interpreter/linkResolver.cpp, line 826]
Event: 1.032 Thread 0x000071cd20026950 Exception <a 'sun/nio/fs/UnixException'{0x00000000ed20f3b8}> (0x00000000ed20f3b8) 
thrown [open/src/hotspot/share/prims/jni.cpp, line 516]
Event: 1.035 Thread 0x000071cd20026950 Exception <a 'java/lang/NoSuchMethodError'{0x00000000ed22d888}: 'java.lang.Object java.lang.invoke.DirectMethodHandle$Holder.invokeStatic(java.lang.Object, java.lang.Object, long, java.lang.Object)'> (0x00000000ed22d888) 
thrown [open/src/hotspot/share/interpreter/linkResolver.cpp, line 758]
Event: 1.035 Thread 0x000071cd20026950 Exception <a 'java/lang/NoSuchMethodError'{0x00000000ed231870}: 'java.lang.Object java.lang.invoke.DirectMethodHandle$Holder.invokeStaticInit(java.lang.Object, java.lang.Object, long, java.lang.Object)'> (0x00000000ed231870) 
thrown [open/src/hotspot/share/interpreter/linkResolver.cpp, line 758]
Event: 1.036 Thread 0x000071cd20026950 Exception <a 'java/lang/NoSuchMethodError'{0x00000000ed2383d0}: 'java.lang.Object java.lang.invoke.DirectMethodHandle$Holder.newInvokeSpecial(java.lang.Object, java.lang.Object, long)'> (0x00000000ed2383d0) 
thrown [open/src/hotspot/share/interpreter/linkResolver.cpp, line 758]
Event: 1.036 Thread 0x000071cd20026950 Exception <a 'java/lang/NoSuchMethodError'{0x00000000ed23c738}: 'java.lang.Object java.lang.invoke.Invokers$Holder.linkToTargetMethod(java.lang.Object, long, java.lang.Object)'> (0x00000000ed23c738) 
thrown [open/src/hotspot/share/interpreter/linkResolver.cpp, line 758]
Event: 1.061 Thread 0x000071cd20026950 Exception <a 'java/lang/NoSuchMethodError'{0x00000000ed02b5a0}: 'java.lang.Object java.lang.invoke.DirectMethodHandle$Holder.invokeSpecial(java.lang.Object, java.lang.Object, java.lang.Object, java.lang.Object, java.lang.Object, java.lang.Object, int)'> (0x00000000ed02b5a0) 
thrown [open/src/hotspot/share/interpreter/linkResolver.cpp, line 758]
Event: 1.061 Thread 0x000071cd20026950 Exception <a 'java/lang/NoSuchMethodError'{0x00000000ed036300}: 'java.lang.Object java.lang.invoke.DirectMethodHandle$Holder.newInvokeSpecial(java.lang.Object, java.lang.Object, java.lang.Object, java.lang.Object, java.lang.Object, java.lang.Object, int)'> (0x00000000ed036300) 
thrown [open/src/hotspot/share/interpreter/linkResolver.cpp, line 758]
Event: 1.061 Thread 0x000071cd20026950 Exception <a 'java/lang/NoSuchMethodError'{0x00000000ed03bb38}: 'java.lang.Object java.lang.invoke.DirectMethodHandle$Holder.invokeSpecial(java.lang.Object, java.lang.Object, java.lang.Object, java.lang.Object, java.lang.Object, java.lang.Object, java.lang.Object, int)'> (0x00000000ed03bb38) 
thrown [open/src/hotspot/share/interpreter/linkResolver.cpp, line 758]
Event: 1.082 Thread 0x000071cd20026950 Exception <a 'java/lang/NoSuchMethodError'{0x00000000ecfb9020}: 'void java.lang.invoke.DirectMethodHandle$Holder.invokeStatic(java.lang.Object, java.lang.Object, java.lang.Object, java.lang.Object, java.lang.Object, java.lang.Object)'> (0x00000000ecfb9020) 
thrown [open/src/hotspot/share/interpreter/linkResolver.cpp, line 758]
Event: 1.095 Thread 0x000071cd20026950 Exception <a 'java/lang/NoSuchMethodError'{0x00000000eceaf4b0}: 'java.lang.Object java.lang.invoke.DirectMethodHandle$Holder.invokeSpecial(java.lang.Object, java.lang.Object, java.lang.Object, int, java.lang.Object)'> (0x00000000eceaf4b0) 
thrown [open/src/hotspot/share/interpreter/linkResolver.cpp, line 758]
Event: 1.096 Thread 0x000071cd20026950 Exception <a 'java/lang/NoSuchMethodError'{0x00000000eceb8210}: 'java.lang.Object java.lang.invoke.DirectMethodHandle$Holder.newInvokeSpecial(java.lang.Object, java.lang.Object, java.lang.Object, int, java.lang.Object)'> (0x00000000eceb8210) 
thrown [open/src/hotspot/share/interpreter/linkResolver.cpp, line 758]
Event: 1.096 Thread 0x000071cd20026950 Exception <a 'java/lang/NoSuchMethodError'{0x00000000ecec03d8}: 'java.lang.Object java.lang.invoke.Invokers$Holder.linkToTargetMethod(java.lang.Object, java.lang.Object, int, java.lang.Object, java.lang.Object)'> (0x00000000ecec03d8) 
thrown [open/src/hotspot/share/interpreter/linkResolver.cpp, line 758]
Event: 1.097 Thread 0x000071cd20026950 Exception <a 'java/lang/NoSuchMethodError'{0x00000000eced0e30}: 'java.lang.Object java.lang.invoke.DirectMethodHandle$Holder.newInvokeSpecial(java.lang.Object, int, java.lang.Object)'> (0x00000000eced0e30) 
thrown [open/src/hotspot/share/interpreter/linkResolver.cpp, line 758]

VM Operations (20 events):
Event: 0.179 Executing VM operation: HandshakeAllThreads
Event: 0.179 Executing VM operation: HandshakeAllThreads done
Event: 0.403 Executing VM operation: HandshakeAllThreads
Event: 0.403 Executing VM operation: HandshakeAllThreads done
Event: 0.420 Executing VM operation: HandshakeAllThreads
Event: 0.420 Executing VM operation: HandshakeAllThreads done
Event: 0.438 Executing VM operation: HandshakeAllThreads
Event: 0.438 Executing VM operation: HandshakeAllThreads done
Event: 0.469 Executing VM operation: HandshakeAllThreads
Event: 0.469 Executing VM operation: HandshakeAllThreads done
Event: 0.507 Executing VM operation: G1CollectForAllocation
Event: 0.510 Executing VM operation: G1CollectForAllocation done
Event: 0.981 Executing VM operation: HandshakeAllThreads
Event: 0.981 Executing VM operation: HandshakeAllThreads done
Event: 1.085 Executing VM operation: HandshakeAllThreads
Event: 1.085 Executing VM operation: HandshakeAllThreads done
Event: 1.088 Executing VM operation: ICBufferFull
Event: 1.088 Executing VM operation: ICBufferFull done
Event: 1.099 Executing VM operation: G1CollectForAllocation
Event: 1.102 Executing VM operation: G1CollectForAllocation done

Events (20 events):
Event: 1.060 loading class java/util/function/BooleanSupplier
Event: 1.060 loading class java/util/function/BooleanSupplier done
Event: 1.085 loading class java/io/LineNumberReader
Event: 1.085 loading class java/io/LineNumberReader done
Event: 1.085 loading class sun/net/ProgressMonitor
Event: 1.085 loading class sun/net/ProgressMonitor done
Event: 1.086 loading class sun/net/DefaultProgressMeteringPolicy
Event: 1.086 loading class sun/net/ProgressMeteringPolicy
Event: 1.086 loading class sun/net/ProgressMeteringPolicy done
Event: 1.086 loading class sun/net/DefaultProgressMeteringPolicy done
Event: 1.086 loading class sun/nio/cs/ISO_8859_1$Decoder
Event: 1.086 loading class sun/nio/cs/ISO_8859_1$Decoder done
Event: 1.093 loading class sun/reflect/generics/scope/ConstructorScope
Event: 1.093 loading class sun/reflect/generics/scope/ConstructorScope done
Event: 1.093 loading class sun/reflect/generics/tree/VoidDescriptor
Event: 1.093 loading class sun/reflect/generics/tree/VoidDescriptor done
Event: 1.129 loading class java/util/concurrent/ConcurrentLinkedDeque$Itr
Event: 1.129 loading class java/util/concurrent/ConcurrentLinkedDeque$AbstractItr
Event: 1.129 loading class java/util/concurrent/ConcurrentLinkedDeque$AbstractItr done
Event: 1.129 loading class java/util/concurrent/ConcurrentLinkedDeque$Itr done


Dynamic libraries:
e0000000-ef600000 rw-p 00000000 00:00 0 
ef600000-ffe00000 ---p 00000000 00:00 0 
ffe00000-ffe77000 rw-p 00cab000 103:02 4483026                           /usr/lib/jvm/jdk-17.0.12-oracle-x64/lib/server/classes.jsa
ffe77000-fff00000 rw-p 00000000 00:00 0 
fff00000-fff84000 rw-p 00c27000 103:02 4483026                           /usr/lib/jvm/jdk-17.0.12-oracle-x64/lib/server/classes.jsa
fff84000-100000000 rw-p 00000000 00:00 0 
56832f28d000-56832f28e000 r-xp 00000000 103:02 4482737                   /usr/lib/jvm/jdk-17.0.12-oracle-x64/bin/java
56832f28f000-56832f290000 r--p 00001000 103:02 4482737                   /usr/lib/jvm/jdk-17.0.12-oracle-x64/bin/java
56832f290000-56832f291000 rw-p 00002000 103:02 4482737                   /usr/lib/jvm/jdk-17.0.12-oracle-x64/bin/java
5683547a9000-5683547ca000 rw-p 00000000 00:00 0                          [heap]
71cc1c000000-71cc1c0b6000 rw-p 00000000 00:00 0 
71cc1c0b6000-71cc20000000 ---p 00000000 00:00 0 
71cc20000000-71cc20021000 rw-p 00000000 00:00 0 
71cc20021000-71cc24000000 ---p 00000000 00:00 0 
71cc28000000-71cc28021000 rw-p 00000000 00:00 0 
71cc28021000-71cc2c000000 ---p 00000000 00:00 0 
71cc2c000000-71cc2c021000 rw-p 00000000 00:00 0 
71cc2c021000-71cc30000000 ---p 00000000 00:00 0 
71cc34000000-71cc34021000 rw-p 00000000 00:00 0 
71cc34021000-71cc38000000 ---p 00000000 00:00 0 
71cc38000000-71cc38021000 rw-p 00000000 00:00 0 
71cc38021000-71cc3c000000 ---p 00000000 00:00 0 
71cc40000000-71cc40021000 rw-p 00000000 00:00 0 
71cc40021000-71cc44000000 ---p 00000000 00:00 0 
71cc44000000-71cc44021000 rw-p 00000000 00:00 0 
71cc44021000-71cc48000000 ---p 00000000 00:00 0 
71cc4c000000-71cc4c06d000 rw-p 00000000 00:00 0 
71cc4c06d000-71cc50000000 ---p 00000000 00:00 0 
71cc50000000-71cc50021000 rw-p 00000000 00:00 0 
71cc50021000-71cc54000000 ---p 00000000 00:00 0 
71cc58000000-71cc58021000 rw-p 00000000 00:00 0 
71cc58021000-71cc5c000000 ---p 00000000 00:00 0 
71cc5c000000-71cc5c021000 rw-p 00000000 00:00 0 
71cc5c021000-71cc60000000 ---p 00000000 00:00 0 
71cc64000000-71cc64021000 rw-p 00000000 00:00 0 
71cc64021000-71cc68000000 ---p 00000000 00:00 0 
71cc68000000-71cc68021000 rw-p 00000000 00:00 0 
71cc68021000-71cc6c000000 ---p 00000000 00:00 0 
71cc70000000-71cc70021000 rw-p 00000000 00:00 0 
71cc70021000-71cc74000000 ---p 00000000 00:00 0 
71cc74000000-71cc74505000 rw-p 00000000 00:00 0 
71cc74505000-71cc78000000 ---p 00000000 00:00 0 
71cc7c000000-71cc7cc6c000 rw-p 00000000 00:00 0 
71cc7cc6c000-71cc80000000 ---p 00000000 00:00 0 
71cc80000000-71cc80021000 rw-p 00000000 00:00 0 
71cc80021000-71cc84000000 ---p 00000000 00:00 0 
71cc88000000-71cc88021000 rw-p 00000000 00:00 0 
71cc88021000-71cc8c000000 ---p 00000000 00:00 0 
71cc8c000000-71cc8c021000 rw-p 00000000 00:00 0 
71cc8c021000-71cc90000000 ---p 00000000 00:00 0 
71cc94000000-71cc94021000 rw-p 00000000 00:00 0 
71cc94021000-71cc98000000 ---p 00000000 00:00 0 
71cc98000000-71cc98021000 rw-p 00000000 00:00 0 
71cc98021000-71cc9c000000 ---p 00000000 00:00 0 
71cca0000000-71cca0021000 rw-p 00000000 00:00 0 
71cca0021000-71cca4000000 ---p 00000000 00:00 0 
71cca7000000-71cca73f0000 rw-p 00000000 00:00 0 
71cca73f0000-71cca78f0000 rw-p 00000000 00:00 0 
71cca78f0000-71cca79f0000 rw-p 00000000 00:00 0 
71cca79f0000-71cca7ef0000 rw-p 00000000 00:00 0 
71cca7ef0000-71cca7f20000 rw-p 00000000 00:00 0 
71cca7f20000-71ccab000000 ---p 00000000 00:00 0 
71ccab000000-71ccabbee000 rw-p 00001000 103:02 4483026                   /usr/lib/jvm/jdk-17.0.12-oracle-x64/lib/server/classes.jsa
71ccabbee000-71ccac000000 ---p 00000000 00:00 0 
71ccac000000-71ccac030000 rw-p 00000000 00:00 0 
71ccac030000-71ccac0b0000 rw-p 00000000 00:00 0 
71ccac0b0000-71ccac250000 rw-p 00000000 00:00 0 
71ccac250000-71ccac270000 rw-p 00000000 00:00 0 
71ccac270000-71ccac280000 ---p 00000000 00:00 0 
71ccac280000-71ccac290000 rw-p 00000000 00:00 0 
71ccac290000-71ccec000000 ---p 00000000 00:00 0 
71ccec000000-71ccec021000 rw-p 00000000 00:00 0 
71ccec021000-71ccf0000000 ---p 00000000 00:00 0 
71ccf0000000-71ccf0021000 rw-p 00000000 00:00 0 
71ccf0021000-71ccf4000000 ---p 00000000 00:00 0 
71ccf7d97000-71ccf8021000 rw-p 00000000 00:00 0 
71ccf8021000-71ccfc000000 ---p 00000000 00:00 0 
71ccfc000000-71ccfc021000 rw-p 00000000 00:00 0 
71ccfc021000-71cd00000000 ---p 00000000 00:00 0 
71cd001f8000-71cd001fc000 ---p 00000000 00:00 0 
71cd001fc000-71cd002f8000 rw-p 00000000 00:00 0 
71cd002f8000-71cd002f9000 ---p 00000000 00:00 0 
71cd002f9000-71cd003f9000 rw-p 00000000 00:00 0 
71cd003f9000-71cd003fa000 ---p 00000000 00:00 0 
71cd003fa000-71cd004fa000 rw-p 00000000 00:00 0 
71cd004fa000-71cd004fb000 ---p 00000000 00:00 0 
71cd004fb000-71cd005fb000 rw-p 00000000 00:00 0 
71cd005fb000-71cd005fc000 ---p 00000000 00:00 0 
71cd005fc000-71cd006fc000 rw-p 00000000 00:00 0 
71cd006fc000-71cd006fd000 ---p 00000000 00:00 0 
71cd006fd000-71cd007fd000 rw-p 00000000 00:00 0 
71cd007fd000-71cd007fe000 ---p 00000000 00:00 0 
71cd007fe000-71cd008fe000 rw-p 00000000 00:00 0 
71cd008fe000-71cd008ff000 ---p 00000000 00:00 0 
71cd008ff000-71cd009ff000 rw-p 00000000 00:00 0 
71cd009ff000-71cd00a03000 ---p 00000000 00:00 0 
71cd00a03000-71cd00aff000 rw-p 00000000 00:00 0 
71cd00aff000-71cd00b03000 ---p 00000000 00:00 0 
71cd00b03000-71cd00bff000 rw-p 00000000 00:00 0 
71cd00bff000-71cd00c03000 ---p 00000000 00:00 0 
71cd00c03000-71cd00cff000 rw-p 00000000 00:00 0 
71cd00cff000-71cd00d03000 ---p 00000000 00:00 0 
71cd00d03000-71cd00dff000 rw-p 00000000 00:00 0 
71cd00dff000-71cd00e00000 ---p 00000000 00:00 0 
71cd00e00000-71cd00f00000 rw-p 00000000 00:00 0 
71cd00f00000-71cd00f04000 ---p 00000000 00:00 0 
71cd00f04000-71cd01000000 rw-p 00000000 00:00 0 
71cd01000000-71cd01004000 ---p 00000000 00:00 0 
71cd01004000-71cd01100000 rw-p 00000000 00:00 0 
71cd01100000-71cd01104000 ---p 00000000 00:00 0 
71cd01104000-71cd01200000 rw-p 00000000 00:00 0 
71cd01200000-71cd01204000 ---p 00000000 00:00 0 
71cd01204000-71cd01300000 rw-p 00000000 00:00 0 
71cd01300000-71cd01304000 ---p 00000000 00:00 0 
71cd01304000-71cd01400000 rw-p 00000000 00:00 0 
71cd01400000-71cd01404000 ---p 00000000 00:00 0 
71cd01404000-71cd01500000 rw-p 00000000 00:00 0 
71cd01500000-71cd01504000 ---p 00000000 00:00 0 
71cd01504000-71cd01600000 rw-p 00000000 00:00 0 
71cd01600000-71cd01df2000 r--p 00000000 103:02 3935879                   /usr/lib/locale/locale-archive
71cd01e00000-71cd01e04000 ---p 00000000 00:00 0 
71cd01e04000-71cd01f00000 rw-p 00000000 00:00 0 
71cd01f00000-71cd01f04000 ---p 00000000 00:00 0 
71cd01f04000-71cd02000000 rw-p 00000000 00:00 0 
71cd02000000-71cd04021000 rw-p 00000000 00:00 0 
71cd04021000-71cd08000000 ---p 00000000 00:00 0 
71cd08023000-71cd08024000 ---p 00000000 00:00 0 
71cd08024000-71cd08124000 rw-p 00000000 00:00 0 
71cd08124000-71cd081f2000 r-xp 00000000 103:02 4483001                   /usr/lib/jvm/jdk-17.0.12-oracle-x64/lib/libjsvml.so
71cd081f2000-71cd081f3000 r--p 000cd000 103:02 4483001                   /usr/lib/jvm/jdk-17.0.12-oracle-x64/lib/libjsvml.so
71cd081f3000-71cd081f4000 rw-p 000ce000 103:02 4483001                   /usr/lib/jvm/jdk-17.0.12-oracle-x64/lib/libjsvml.so
71cd081f4000-71cd081f5000 ---p 00000000 00:00 0 
71cd081f5000-71cd082f5000 rw-p 00000000 00:00 0 
71cd082f5000-71cd082f6000 ---p 00000000 00:00 0 
71cd082f6000-71cd083f6000 rw-p 00000000 00:00 0 
71cd083f6000-71cd08bfe000 rw-p 00000000 00:00 0 
71cd08bfe000-71cd08bff000 ---p 00000000 00:00 0 
71cd08bff000-71cd08cff000 rw-p 00000000 00:00 0 
71cd08cff000-71cd08d00000 ---p 00000000 00:00 0 
71cd08d00000-71cd08e00000 rw-p 00000000 00:00 0 
71cd08e00000-71cd091d8000 rw-p 00000000 00:00 0 
71cd091d8000-71cd095f8000 ---p 00000000 00:00 0 
71cd095f8000-71cd09600000 rw-p 00000000 00:00 0 
71cd09600000-71cd09a40000 rwxp 00000000 00:00 0 
71cd09a40000-71cd10b37000 ---p 00000000 00:00 0 
71cd10b37000-71cd10da7000 rwxp 00000000 00:00 0 
71cd10da7000-71cd110c9000 ---p 00000000 00:00 0 
71cd110c9000-71cd11339000 rwxp 00000000 00:00 0 
71cd11339000-71cd18600000 ---p 00000000 00:00 0 
71cd18600000-71cd1ff4b000 r--s 00000000 103:02 4483017                   /usr/lib/jvm/jdk-17.0.12-oracle-x64/lib/modules
71cd1ff7f000-71cd20d47000 rw-p 00000000 00:00 0 
71cd20d47000-71cd24000000 ---p 00000000 00:00 0 
71cd24032000-71cd240ff000 rw-p 00000000 00:00 0 
71cd240ff000-71cd24100000 ---p 00000000 00:00 0 
71cd24100000-71cd24200000 rw-p 00000000 00:00 0 
71cd24200000-71cd245d8000 rw-p 00000000 00:00 0 
71cd245d8000-71cd249f8000 ---p 00000000 00:00 0 
71cd249f8000-71cd24a00000 rw-p 00000000 00:00 0 
71cd24a12000-71cd24a1f000 r-xp 00000000 103:02 4483015                   /usr/lib/jvm/jdk-17.0.12-oracle-x64/lib/libverify.so
71cd24a1f000-71cd24a21000 r--p 0000c000 103:02 4483015                   /usr/lib/jvm/jdk-17.0.12-oracle-x64/lib/libverify.so
71cd24a21000-71cd24a22000 rw-p 0000e000 103:02 4483015                   /usr/lib/jvm/jdk-17.0.12-oracle-x64/lib/libverify.so
71cd24a22000-71cd24a9d000 rw-p 00000000 00:00 0 
71cd24a9d000-71cd24b21000 ---p 00000000 00:00 0 
71cd24b21000-71cd24b9d000 rw-p 00000000 00:00 0 
71cd24b9d000-71cd24c21000 ---p 00000000 00:00 0 
71cd24c21000-71cd24c9d000 rw-p 00000000 00:00 0 
71cd24c9d000-71cd24d21000 ---p 00000000 00:00 0 
71cd24d21000-71cd2552f000 rw-p 00000000 00:00 0 
71cd2552f000-71cd25615000 ---p 00000000 00:00 0 
71cd25615000-71cd2561e000 rw-p 00000000 00:00 0 
71cd2561e000-71cd25700000 ---p 00000000 00:00 0 
71cd25700000-71cd25704000 ---p 00000000 00:00 0 
71cd25704000-71cd25800000 rw-p 00000000 00:00 0 
71cd25800000-71cd26947000 r-xp 00000000 103:02 4483029                   /usr/lib/jvm/jdk-17.0.12-oracle-x64/lib/server/libjvm.so
71cd26947000-71cd269fd000 r--p 01146000 103:02 4483029                   /usr/lib/jvm/jdk-17.0.12-oracle-x64/lib/server/libjvm.so
71cd269fd000-71cd26a30000 rw-p 011fc000 103:02 4483029                   /usr/lib/jvm/jdk-17.0.12-oracle-x64/lib/server/libjvm.so
71cd26a30000-71cd26a8a000 rw-p 00000000 00:00 0 
71cd26a8f000-71cd26a96000 r--s 00000000 103:02 3934725                   /usr/lib/x86_64-linux-gnu/gconv/gconv-modules.cache
71cd26a96000-71cd26a9d000 r-xp 00000000 103:02 4483016                   /usr/lib/jvm/jdk-17.0.12-oracle-x64/lib/libzip.so
71cd26a9d000-71cd26a9e000 ---p 00007000 103:02 4483016                   /usr/lib/jvm/jdk-17.0.12-oracle-x64/lib/libzip.so
71cd26a9e000-71cd26a9f000 r--p 00007000 103:02 4483016                   /usr/lib/jvm/jdk-17.0.12-oracle-x64/lib/libzip.so
71cd26a9f000-71cd26aa0000 rw-p 00008000 103:02 4483016                   /usr/lib/jvm/jdk-17.0.12-oracle-x64/lib/libzip.so
71cd26aa0000-71cd26ab5000 r-xp 00000000 103:02 4483007                   /usr/lib/jvm/jdk-17.0.12-oracle-x64/lib/libnet.so
71cd26ab5000-71cd26ab6000 ---p 00015000 103:02 4483007                   /usr/lib/jvm/jdk-17.0.12-oracle-x64/lib/libnet.so
71cd26ab6000-71cd26ab7000 r--p 00015000 103:02 4483007                   /usr/lib/jvm/jdk-17.0.12-oracle-x64/lib/libnet.so
71cd26ab7000-71cd26ab8000 rw-p 00016000 103:02 4483007                   /usr/lib/jvm/jdk-17.0.12-oracle-x64/lib/libnet.so
71cd26ab8000-71cd26acb000 r-xp 00000000 103:02 4483008                   /usr/lib/jvm/jdk-17.0.12-oracle-x64/lib/libnio.so
71cd26acb000-71cd26acc000 r--p 00012000 103:02 4483008                   /usr/lib/jvm/jdk-17.0.12-oracle-x64/lib/libnio.so
71cd26acc000-71cd26acd000 rw-p 00013000 103:02 4483008                   /usr/lib/jvm/jdk-17.0.12-oracle-x64/lib/libnio.so
71cd26acd000-71cd26aef000 rw-p 00000000 00:00 0 
71cd26aef000-71cd26b13000 r-xp 00000000 103:02 4482993                   /usr/lib/jvm/jdk-17.0.12-oracle-x64/lib/libjava.so
71cd26b13000-71cd26b14000 ---p 00024000 103:02 4482993                   /usr/lib/jvm/jdk-17.0.12-oracle-x64/lib/libjava.so
71cd26b14000-71cd26b15000 r--p 00024000 103:02 4482993                   /usr/lib/jvm/jdk-17.0.12-oracle-x64/lib/libjava.so
71cd26b15000-71cd26b16000 rw-p 00025000 103:02 4482993                   /usr/lib/jvm/jdk-17.0.12-oracle-x64/lib/libjava.so
71cd26b16000-71cd26b17000 rw-p 00000000 00:00 0 
71cd26b17000-71cd26b27000 r--p 00000000 103:02 3934740                   /usr/lib/x86_64-linux-gnu/libm.so.6
71cd26b27000-71cd26ba6000 r-xp 00010000 103:02 3934740                   /usr/lib/x86_64-linux-gnu/libm.so.6
71cd26ba6000-71cd26bfe000 r--p 0008f000 103:02 3934740                   /usr/lib/x86_64-linux-gnu/libm.so.6
71cd26bfe000-71cd26bff000 r--p 000e7000 103:02 3934740                   /usr/lib/x86_64-linux-gnu/libm.so.6
71cd26bff000-71cd26c00000 rw-p 000e8000 103:02 3934740                   /usr/lib/x86_64-linux-gnu/libm.so.6
71cd26c00000-71cd26c28000 r--p 00000000 103:02 3934737                   /usr/lib/x86_64-linux-gnu/libc.so.6
71cd26c28000-71cd26db0000 r-xp 00028000 103:02 3934737                   /usr/lib/x86_64-linux-gnu/libc.so.6
71cd26db0000-71cd26dff000 r--p 001b0000 103:02 3934737                   /usr/lib/x86_64-linux-gnu/libc.so.6
71cd26dff000-71cd26e03000 r--p 001fe000 103:02 3934737                   /usr/lib/x86_64-linux-gnu/libc.so.6
71cd26e03000-71cd26e05000 rw-p 00202000 103:02 3934737                   /usr/lib/x86_64-linux-gnu/libc.so.6
71cd26e05000-71cd26e12000 rw-p 00000000 00:00 0 
71cd26e13000-71cd26e18000 rw-p 00000000 00:00 0 
71cd26e18000-71cd26e1f000 ---p 00000000 00:00 0 
71cd26e1f000-71cd26e3a000 r-xp 00000000 103:02 4482997                   /usr/lib/jvm/jdk-17.0.12-oracle-x64/lib/libjimage.so
71cd26e3a000-71cd26e3b000 ---p 0001b000 103:02 4482997                   /usr/lib/jvm/jdk-17.0.12-oracle-x64/lib/libjimage.so
71cd26e3b000-71cd26e3d000 r--p 0001b000 103:02 4482997                   /usr/lib/jvm/jdk-17.0.12-oracle-x64/lib/libjimage.so
71cd26e3d000-71cd26e3e000 rw-p 0001d000 103:02 4482997                   /usr/lib/jvm/jdk-17.0.12-oracle-x64/lib/libjimage.so
71cd26e3e000-71cd26e3f000 r--p 00000000 103:02 3934751                   /usr/lib/x86_64-linux-gnu/librt.so.1
71cd26e3f000-71cd26e40000 r-xp 00001000 103:02 3934751                   /usr/lib/x86_64-linux-gnu/librt.so.1
71cd26e40000-71cd26e41000 r--p 00002000 103:02 3934751                   /usr/lib/x86_64-linux-gnu/librt.so.1
71cd26e41000-71cd26e42000 r--p 00002000 103:02 3934751                   /usr/lib/x86_64-linux-gnu/librt.so.1
71cd26e42000-71cd26e43000 rw-p 00003000 103:02 3934751                   /usr/lib/x86_64-linux-gnu/librt.so.1
71cd26e43000-71cd26e47000 rw-p 00000000 00:00 0 
71cd26e47000-71cd26e48000 r--p 00000000 103:02 3934739                   /usr/lib/x86_64-linux-gnu/libdl.so.2
71cd26e48000-71cd26e49000 r-xp 00001000 103:02 3934739                   /usr/lib/x86_64-linux-gnu/libdl.so.2
71cd26e49000-71cd26e4a000 r--p 00002000 103:02 3934739                   /usr/lib/x86_64-linux-gnu/libdl.so.2
71cd26e4a000-71cd26e4b000 r--p 00002000 103:02 3934739                   /usr/lib/x86_64-linux-gnu/libdl.so.2
71cd26e4b000-71cd26e4c000 rw-p 00003000 103:02 3934739                   /usr/lib/x86_64-linux-gnu/libdl.so.2
71cd26e4c000-71cd26e4d000 r--p 00000000 103:02 3934749                   /usr/lib/x86_64-linux-gnu/libpthread.so.0
71cd26e4d000-71cd26e4e000 r-xp 00001000 103:02 3934749                   /usr/lib/x86_64-linux-gnu/libpthread.so.0
71cd26e4e000-71cd26e4f000 r--p 00002000 103:02 3934749                   /usr/lib/x86_64-linux-gnu/libpthread.so.0
71cd26e4f000-71cd26e50000 r--p 00002000 103:02 3934749                   /usr/lib/x86_64-linux-gnu/libpthread.so.0
71cd26e50000-71cd26e51000 rw-p 00003000 103:02 3934749                   /usr/lib/x86_64-linux-gnu/libpthread.so.0
71cd26e51000-71cd26e5f000 r-xp 00000000 103:02 4482998                   /usr/lib/jvm/jdk-17.0.12-oracle-x64/lib/libjli.so
71cd26e5f000-71cd26e60000 ---p 0000e000 103:02 4482998                   /usr/lib/jvm/jdk-17.0.12-oracle-x64/lib/libjli.so
71cd26e60000-71cd26e61000 r--p 0000e000 103:02 4482998                   /usr/lib/jvm/jdk-17.0.12-oracle-x64/lib/libjli.so
71cd26e61000-71cd26e62000 rw-p 0000f000 103:02 4482998                   /usr/lib/jvm/jdk-17.0.12-oracle-x64/lib/libjli.so
71cd26e62000-71cd26e64000 r--p 00000000 103:02 3948251                   /usr/lib/x86_64-linux-gnu/libz.so.1.3
71cd26e64000-71cd26e76000 r-xp 00002000 103:02 3948251                   /usr/lib/x86_64-linux-gnu/libz.so.1.3
71cd26e76000-71cd26e7c000 r--p 00014000 103:02 3948251                   /usr/lib/x86_64-linux-gnu/libz.so.1.3
71cd26e7c000-71cd26e7d000 r--p 0001a000 103:02 3948251                   /usr/lib/x86_64-linux-gnu/libz.so.1.3
71cd26e7d000-71cd26e7e000 rw-p 0001b000 103:02 3948251                   /usr/lib/x86_64-linux-gnu/libz.so.1.3
71cd26e82000-71cd26e84000 r-xp 00000000 103:02 4482986                   /usr/lib/jvm/jdk-17.0.12-oracle-x64/lib/libextnet.so
71cd26e84000-71cd26e85000 r--p 00001000 103:02 4482986                   /usr/lib/jvm/jdk-17.0.12-oracle-x64/lib/libextnet.so
71cd26e85000-71cd26e86000 rw-p 00002000 103:02 4482986                   /usr/lib/jvm/jdk-17.0.12-oracle-x64/lib/libextnet.so
71cd26e86000-71cd26e8e000 rw-s 00000000 103:02 25338126                  /tmp/hsperfdata_pakou-komi-juste/11406
71cd26e8e000-71cd26e8f000 ---p 00000000 00:00 0 
71cd26e8f000-71cd26e90000 r--p 00000000 00:00 0 
71cd26e90000-71cd26e91000 ---p 00000000 00:00 0 
71cd26e91000-71cd26e93000 rw-p 00000000 00:00 0 
71cd26e93000-71cd26e97000 r--p 00000000 00:00 0                          [vvar]
71cd26e97000-71cd26e99000 r-xp 00000000 00:00 0                          [vdso]
71cd26e99000-71cd26e9a000 r--p 00000000 103:02 3934734                   /usr/lib/x86_64-linux-gnu/ld-linux-x86-64.so.2
71cd26e9a000-71cd26ec5000 r-xp 00001000 103:02 3934734                   /usr/lib/x86_64-linux-gnu/ld-linux-x86-64.so.2
71cd26ec5000-71cd26ecf000 r--p 0002c000 103:02 3934734                   /usr/lib/x86_64-linux-gnu/ld-linux-x86-64.so.2
71cd26ecf000-71cd26ed1000 r--p 00036000 103:02 3934734                   /usr/lib/x86_64-linux-gnu/ld-linux-x86-64.so.2
71cd26ed1000-71cd26ed3000 rw-p 00038000 103:02 3934734                   /usr/lib/x86_64-linux-gnu/ld-linux-x86-64.so.2
7ffeccff5000-7ffecd017000 rw-p 00000000 00:00 0                          [stack]
ffffffffff600000-ffffffffff601000 --xp 00000000 00:00 0                  [vsyscall]


VM Arguments:
jvm_args: -Dorg.gradle.internal.worker.tmpdir=/home/pakou-komi-juste/project_learning/journey_learn_spring_boot/cashcard/build/tmp/test/work -Xmx512m -Dfile.encoding=UTF-8 -Duser.country=CA -Duser.language=en -Duser.variant -ea 
java_command: worker.org.gradle.process.internal.worker.GradleWorkerMain 'Gradle Test Executor 2'
java_class_path (initial): /home/pakou-komi-juste/.gradle/caches/8.12.1/workerMain/gradle-worker.jar:/home/pakou-komi-juste/project_learning/journey_learn_spring_boot/cashcard/build/classes/java/test:/home/pakou-komi-juste/project_learning/journey_learn_spring_boot/cashcard/build/classes/java/main:/home/pakou-komi-juste/project_learning/journey_learn_spring_boot/cashcard/build/resources/main:/home/pakou-komi-juste/.gradle/caches/modules-2/files-2.1/org.springframework.boot/spring-boot-starter-web/3.4.3/87e7a401e7d249fefc7f372f5681e8620234624c/spring-boot-starter-web-3.4.3.jar:/home/pakou-komi-juste/.gradle/caches/modules-2/files-2.1/org.springframework.boot/spring-boot-starter-test/3.4.3/cb43483437a2151f522141247198e071ad77cf35/spring-boot-starter-test-3.4.3.jar:/home/pakou-komi-juste/.gradle/caches/modules-2/files-2.1/org.junit.jupiter/junit-jupiter/5.11.4/a699f024a4a4706b36bddbeb42d499aff9e09379/junit-jupiter-5.11.4.jar:/home/pakou-komi-juste/.gradle/caches/modules-2/files-2.1/org.junit.jupiter/junit-jupiter-engine/5.11.4/dc10ec209623986a68ea07f67cdc7d2a65a60355/junit-jupiter-engine-5.11.4.jar:/home/pakou-komi-juste/.gradle/caches/modules-2/files-2.1/org.junit.platform/junit-platform-engine/1.11.4/21f61b123ad6ac8f7e73971bff3a096c8d8e1cd0/junit-platform-engine-1.11.4.jar:/home/pakou-komi-juste/.gradle/caches/modules-2/files-2.1/org.mockito/mockito-junit-jupiter/5.14.2/3cfc377d4bb9fe729f3dd9098d9a9b27da58324a/mockito-junit-jupiter-5.14.2.jar:/home/pakou-komi-juste/.gradle/caches/modules-2/files-2.1/org.junit.jupiter/junit-jupiter-params/5.11.4/e4c86fbe2a39c60c6b87260ef7f7e7c1a1906481/junit-jupiter-params-5.11.4.jar:/home/pakou-komi-juste/.gradle/caches/modules-2/files-2.1/org.junit.jupiter/junit-jupiter-api/5.11.4/308315b28e667db4091b2ba1f7aa220d1ddadb97/junit-jupiter-api-5.11.4.jar:/home/pakou-komi-juste/.gradle/caches/modules-2/files-2.1/org.junit.platform/junit-platform-commons/1.11.4/8898eea3ed0da2641548d602c3e308804f166303/junit-platform-commons-1.11.4.jar:/h
Launcher Type: SUN_STANDARD

[Global flags]
     intx CICompilerCount                          = 4                                         {product} {ergonomic}
     uint ConcGCThreads                            = 2                                         {product} {ergonomic}
     uint G1ConcRefinementThreads                  = 8                                         {product} {ergonomic}
   size_t G1HeapRegionSize                         = 1048576                                   {product} {ergonomic}
    uintx GCDrainStackTargetSize                   = 64                                        {product} {ergonomic}
   size_t InitialHeapSize                          = 257949696                                 {product} {ergonomic}
   size_t MarkStackSize                            = 4194304                                   {product} {ergonomic}
   size_t MaxHeapSize                              = 536870912                                 {product} {command line}
   size_t MaxNewSize                               = 321912832                                 {product} {ergonomic}
   size_t MinHeapDeltaBytes                        = 1048576                                   {product} {ergonomic}
   size_t MinHeapSize                              = 8388608                                   {product} {ergonomic}
    uintx NonNMethodCodeHeapSize                   = 5839372                                {pd product} {ergonomic}
    uintx NonProfiledCodeHeapSize                  = 122909434                              {pd product} {ergonomic}
    uintx ProfiledCodeHeapSize                     = 122909434                              {pd product} {ergonomic}
    uintx ReservedCodeCacheSize                    = 251658240                              {pd product} {ergonomic}
     bool SegmentedCodeCache                       = true                                      {product} {ergonomic}
   size_t SoftMaxHeapSize                          = 536870912                              {manageable} {ergonomic}
     bool UseCompressedClassPointers               = true                           {product lp64_product} {ergonomic}
     bool UseCompressedOops                        = true                           {product lp64_product} {ergonomic}
     bool UseG1GC                                  = true                                      {product} {ergonomic}

Logging:
Log output configuration:
 #0: stdout all=warning uptime,level,tags
 #1: stderr all=off uptime,level,tags

Environment Variables:
JAVA_HOME=/home/pakou-komi-juste/.sdkman/candidates/java/current
PATH=/home/pakou-komi-juste/.sdkman/candidates/java/current/bin:/home/pakou-komi-juste/.nvm/versions/node/v18.20.4/bin:/usr/local/sbin:/usr/local/bin:/usr/sbin:/usr/bin:/sbin:/bin:/usr/games:/usr/local/games:/snap/bin:/snap/bin:/home/pakou-komi-juste/.lmstudio/bin:/home/pakou-komi-juste/.lmstudio/bin:/opt/ideaIU/bin
USERNAME=pakou-komi-juste
SHELL=/bin/bash
DISPLAY=:0
LANG=en_CA.UTF-8

Signal Handlers:
   SIGSEGV: crash_handler in libjvm.so, mask=11100100010111111101111111111110, flags=SA_RESTART|SA_SIGINFO
    SIGBUS: crash_handler in libjvm.so, mask=11100100010111111101111111111110, flags=SA_RESTART|SA_SIGINFO
    SIGFPE: crash_handler in libjvm.so, mask=11100100010111111101111111111110, flags=SA_RESTART|SA_SIGINFO
   SIGPIPE: javaSignalHandler in libjvm.so, mask=11100100010111111101111111111110, flags=SA_RESTART|SA_SIGINFO
   SIGXFSZ: javaSignalHandler in libjvm.so, mask=11100100010111111101111111111110, flags=SA_RESTART|SA_SIGINFO
    SIGILL: crash_handler in libjvm.so, mask=11100100010111111101111111111110, flags=SA_RESTART|SA_SIGINFO
   SIGUSR2: SR_handler in libjvm.so, mask=00000000000000000000000000000000, flags=SA_RESTART|SA_SIGINFO
    SIGHUP: UserHandler in libjvm.so, mask=11100100010111111101111111111110, flags=SA_RESTART|SA_SIGINFO
    SIGINT: UserHandler in libjvm.so, mask=11100100010111111101111111111110, flags=SA_RESTART|SA_SIGINFO
   SIGTERM: UserHandler in libjvm.so, mask=11100100010111111101111111111110, flags=SA_RESTART|SA_SIGINFO
   SIGQUIT: UserHandler in libjvm.so, mask=11100100010111111101111111111110, flags=SA_RESTART|SA_SIGINFO
   SIGTRAP: crash_handler in libjvm.so, mask=11100100010111111101111111111110, flags=SA_RESTART|SA_SIGINFO


---------------  S Y S T E M  ---------------

OS:
DISTRIB_ID=Ubuntu
DISTRIB_RELEASE=24.04
DISTRIB_CODENAME=noble
DISTRIB_DESCRIPTION="Ubuntu 24.04.2 LTS"
uname: Linux 6.11.0-17-generic #17~24.04.2-Ubuntu SMP PREEMPT_DYNAMIC Mon Jan 20 22:48:29 UTC 2 x86_64
OS uptime: 0 days 0:59 hours
libc: glibc 2.39 NPTL 2.39 
rlimit (soft/hard): STACK 8192k/infinity , CORE 0k/infinity , NPROC 62228/62228 , NOFILE 1048576/1048576 , AS infinity/infinity , CPU infinity/infinity , DATA infinity/infinity , FSIZE infinity/infinity , MEMLOCK 2008516k/2008516k
load average: 3.37 2.26 1.37

/proc/meminfo:
MemTotal:       16068132 kB
MemFree:          188748 kB
MemAvailable:    6721928 kB
Buffers:          248000 kB
Cached:          7225452 kB
SwapCached:            0 kB
Active:          9840120 kB
Inactive:        4378516 kB
Active(anon):    7438396 kB
Inactive(anon):   305988 kB
Active(file):    2401724 kB
Inactive(file):  4072528 kB
Unevictable:      466840 kB
Mlocked:              32 kB
SwapTotal:       4194300 kB
SwapFree:        4194300 kB
Zswap:                 0 kB
Zswapped:              0 kB
Dirty:             33552 kB
Writeback:             0 kB
AnonPages:       7211944 kB
Mapped:          1525104 kB
Shmem:            999108 kB
KReclaimable:     400732 kB
Slab:             910092 kB
SReclaimable:     400732 kB
SUnreclaim:       509360 kB
KernelStack:       29856 kB
PageTables:        90244 kB
SecPageTables:      5208 kB
NFS_Unstable:          0 kB
Bounce:                0 kB
WritebackTmp:          0 kB
CommitLimit:    12228364 kB
Committed_AS:   45228540 kB
VmallocTotal:   34359738367 kB
VmallocUsed:       84308 kB
VmallocChunk:          0 kB
Percpu:             9760 kB
HardwareCorrupted:     0 kB
AnonHugePages:         0 kB
ShmemHugePages:   440320 kB
ShmemPmdMapped:        0 kB
FileHugePages:         0 kB
FilePmdMapped:         0 kB
Unaccepted:            0 kB
HugePages_Total:       0
HugePages_Free:        0
HugePages_Rsvd:        0
HugePages_Surp:        0
Hugepagesize:       2048 kB
Hugetlb:               0 kB
DirectMap4k:      324092 kB
DirectMap2M:     6707200 kB
DirectMap1G:     9437184 kB

/sys/kernel/mm/transparent_hugepage/enabled: always [madvise] never
/sys/kernel/mm/transparent_hugepage/defrag (defrag/compaction efforts parameter): always defer defer+madvise [madvise] never

Process Memory:
Virtual Size: 4062044K (peak: 4062044K)
Resident Set Size: 143140K (peak: 143140K) (anon: 120936K, file: 22204K, shmem: 0K)
Swapped out: 0K
C-Heap outstanding allocations: 50173K, retained: 6078K

/proc/sys/kernel/threads-max (system-wide limit on the number of threads): 124456
/proc/sys/vm/max_map_count (maximum number of memory map areas a process may have): 1048576
/proc/sys/kernel/pid_max (system-wide limit on number of process identifiers): 4194304

container (cgroup) information:
container_type: cgroupv2
cpu_cpuset_cpus: not supported
cpu_memory_nodes: not supported
active_processor_count: 8
cpu_quota: not supported
cpu_period: not supported
cpu_shares: not supported
memory_limit_in_bytes: unlimited
memory_and_swap_limit_in_bytes: unlimited
memory_soft_limit_in_bytes: unlimited
memory_usage_in_bytes: 5576320 k
memory_max_usage_in_bytes: not supported
memory_swap_current_in_bytes: unlimited
memory_swap_max_limit_in_bytes: unlimited
maximum number of tasks: 18668
current number of tasks: 380

Steal ticks since vm start: 0
Steal ticks percentage since vm start:  0.000

CPU: total 8 (initial active 8) (4 cores per cpu, 2 threads per core) family 6 model 140 stepping 1 microcode 0xb8, cx8, cmov, fxsr, ht, mmx, 3dnowpref, sse, sse2, sse3, ssse3, sse4.1, sse4.2, popcnt, lzcnt, tsc, tscinvbit, avx, avx2, aes, erms, clmul, bmi1, bmi2, adx, avx512f, avx512dq, avx512cd, avx512bw, avx512vl, sha, fma, vzeroupper, avx512_vpopcntdq, avx512_vpclmulqdq, avx512_vaes, avx512_vnni, clflush, clflushopt, clwb, avx512_vbmi2, avx512_vbmi
CPU Model and flags from /proc/cpuinfo:
model name	: 11th Gen Intel(R) Core(TM) i5-1135G7 @ 2.40GHz
flags		: fpu vme de pse tsc msr pae mce cx8 apic sep mtrr pge mca cmov pat pse36 clflush dts acpi mmx fxsr sse sse2 ss ht tm pbe syscall nx pdpe1gb rdtscp lm constant_tsc art arch_perfmon pebs bts rep_good nopl xtopology nonstop_tsc cpuid aperfmperf tsc_known_freq pni pclmulqdq dtes64 monitor ds_cpl vmx est tm2 ssse3 sdbg fma cx16 xtpr pdcm pcid sse4_1 sse4_2 x2apic movbe popcnt tsc_deadline_timer aes xsave avx f16c rdrand lahf_lm abm 3dnowprefetch cpuid_fault epb cat_l2 cdp_l2 ssbd ibrs ibpb stibp ibrs_enhanced tpr_shadow flexpriority ept vpid ept_ad fsgsbase tsc_adjust bmi1 avx2 smep bmi2 erms invpcid rdt_a avx512f avx512dq rdseed adx smap avx512ifma clflushopt clwb intel_pt avx512cd sha_ni avx512bw avx512vl xsaveopt xsavec xgetbv1 xsaves split_lock_detect user_shstk dtherm ida arat pln pts hwp hwp_notify hwp_act_window hwp_epp hwp_pkg_req vnmi avx512vbmi umip pku ospke avx512_vbmi2 gfni vaes vpclmulqdq avx512_vnni avx512_bitalg avx512_vpopcntdq rdpid movdiri movdir64b fsrm avx512_vp2intersect md_clear ibt flush_l1d arch_capabilities

Online cpus: 0-7
Offline cpus: 
BIOS frequency limitation: <Not Available>
Frequency switch latency (ns): 0
Available cpu frequencies: <Not Available>
Current governor: powersave
Core performance/turbo boost: <Not Available>

Memory: 4k page, physical 16068132k(188468k free), swap 4194300k(4194300k free)
Page Sizes: 4k

vm_info: Java HotSpot(TM) 64-Bit Server VM (17.0.12+8-LTS-286) for linux-amd64 JRE (17.0.12+8-LTS-286), built on Jun  5 2024 05:37:52 by "mach5one" with gcc 11.2.0

END.
